2018-06-14 15:52:14.496 [main] INFO  com.clown.ui.main.Main - Library Assistant launched on 14-06-2018 03:52:14 下午
2018-06-14 15:52:14.657 [JavaFX Application Thread] INFO  com.clown.Utils.SqlUtil - 成功加载MySQL驱动
2018-06-14 15:52:15.355 [JavaFX Application Thread] INFO  com.clown.Utils.SqlUtil - 连接数据库成功
2018-06-14 15:52:20.389 [JavaFX Application Thread] INFO  com.clown.ui.login.LoginController - User successfully logged in lph1
2018-06-14 15:52:25.082 [Thread-6] INFO  com.clown.ui.main.Main - Library Assistant is closing on 14-06-2018 03:52:14 下午. Used for 1528962745081 ms
2018-06-14 15:52:39.462 [main] INFO  com.clown.ui.main.Main - Library Assistant launched on 14-06-2018 03:52:39 下午
2018-06-14 15:52:39.494 [JavaFX Application Thread] INFO  com.clown.Utils.SqlUtil - 成功加载MySQL驱动
2018-06-14 15:52:39.738 [JavaFX Application Thread] INFO  com.clown.Utils.SqlUtil - 连接数据库成功
2018-06-14 15:52:45.798 [JavaFX Application Thread] INFO  com.clown.ui.login.LoginController - User successfully logged in lph1
2018-06-14 15:52:45.837 [Thread-6] INFO  com.clown.ui.main.Main - Library Assistant is closing on 14-06-2018 03:52:39 下午. Used for 1528962765836 ms
2018-06-14 15:55:06.378 [main] INFO  com.clown.ui.main.Main - Library Assistant launched on 14-06-2018 03:55:06 下午
2018-06-14 15:55:06.403 [JavaFX Application Thread] INFO  com.clown.Utils.SqlUtil - 成功加载MySQL驱动
2018-06-14 15:55:06.618 [JavaFX Application Thread] INFO  com.clown.Utils.SqlUtil - 连接数据库成功
2018-06-14 15:55:09.431 [JavaFX Application Thread] INFO  com.clown.ui.login.LoginController - User successfully logged in lph1
2018-06-14 15:55:09.438 [JavaFX Application Thread] ERROR com.clown.ui.login.LoginController - {}
javafx.fxml.LoadException: 
/D:/WorkSpace/JFoenix/Book_Recommendation/out/production/Book_Recommendation/com/clown/ui/main/main.fxml:9

	at javafx.fxml.FXMLLoader.constructLoadException(FXMLLoader.java:2601) ~[jfxrt.jar:?]
	at javafx.fxml.FXMLLoader.access$700(FXMLLoader.java:103) ~[jfxrt.jar:?]
	at javafx.fxml.FXMLLoader$ValueElement.processAttribute(FXMLLoader.java:922) ~[jfxrt.jar:?]
	at javafx.fxml.FXMLLoader$InstanceDeclarationElement.processAttribute(FXMLLoader.java:971) ~[jfxrt.jar:?]
	at javafx.fxml.FXMLLoader$Element.processStartElement(FXMLLoader.java:220) ~[jfxrt.jar:?]
	at javafx.fxml.FXMLLoader$ValueElement.processStartElement(FXMLLoader.java:744) ~[jfxrt.jar:?]
	at javafx.fxml.FXMLLoader.processStartElement(FXMLLoader.java:2707) ~[jfxrt.jar:?]
	at javafx.fxml.FXMLLoader.loadImpl(FXMLLoader.java:2527) ~[jfxrt.jar:?]
	at javafx.fxml.FXMLLoader.loadImpl(FXMLLoader.java:2441) ~[jfxrt.jar:?]
	at javafx.fxml.FXMLLoader.loadImpl(FXMLLoader.java:3214) ~[jfxrt.jar:?]
	at javafx.fxml.FXMLLoader.loadImpl(FXMLLoader.java:3175) ~[jfxrt.jar:?]
	at javafx.fxml.FXMLLoader.loadImpl(FXMLLoader.java:3148) ~[jfxrt.jar:?]
	at javafx.fxml.FXMLLoader.loadImpl(FXMLLoader.java:3124) ~[jfxrt.jar:?]
	at javafx.fxml.FXMLLoader.loadImpl(FXMLLoader.java:3104) ~[jfxrt.jar:?]
	at javafx.fxml.FXMLLoader.load(FXMLLoader.java:3097) ~[jfxrt.jar:?]
	at com.clown.ui.login.LoginController.loadMain(LoginController.java:95) ~[Book_Recommendation/:?]
	at com.clown.ui.login.LoginController.handleLoginButtonAction(LoginController.java:58) ~[Book_Recommendation/:?]
	at sun.reflect.NativeMethodAccessorImpl.invoke0(Native Method) ~[?:1.8.0_131]
	at sun.reflect.NativeMethodAccessorImpl.invoke(NativeMethodAccessorImpl.java:62) ~[?:1.8.0_131]
	at sun.reflect.DelegatingMethodAccessorImpl.invoke(DelegatingMethodAccessorImpl.java:43) ~[?:1.8.0_131]
	at java.lang.reflect.Method.invoke(Method.java:498) ~[?:1.8.0_131]
	at sun.reflect.misc.Trampoline.invoke(MethodUtil.java:71) ~[?:1.8.0_131]
	at sun.reflect.GeneratedMethodAccessor1.invoke(Unknown Source) ~[?:?]
	at sun.reflect.DelegatingMethodAccessorImpl.invoke(DelegatingMethodAccessorImpl.java:43) ~[?:1.8.0_131]
	at java.lang.reflect.Method.invoke(Method.java:498) ~[?:1.8.0_131]
	at sun.reflect.misc.MethodUtil.invoke(MethodUtil.java:275) ~[?:1.8.0_131]
	at javafx.fxml.FXMLLoader$MethodHandler.invoke(FXMLLoader.java:1769) ~[jfxrt.jar:?]
	at javafx.fxml.FXMLLoader$ControllerMethodEventHandler.handle(FXMLLoader.java:1657) ~[jfxrt.jar:?]
	at com.sun.javafx.event.CompositeEventHandler.dispatchBubblingEvent(CompositeEventHandler.java:86) ~[jfxrt.jar:?]
	at com.sun.javafx.event.EventHandlerManager.dispatchBubblingEvent(EventHandlerManager.java:238) ~[jfxrt.jar:?]
	at com.sun.javafx.event.EventHandlerManager.dispatchBubblingEvent(EventHandlerManager.java:191) ~[jfxrt.jar:?]
	at com.sun.javafx.event.CompositeEventDispatcher.dispatchBubblingEvent(CompositeEventDispatcher.java:59) ~[jfxrt.jar:?]
	at com.sun.javafx.event.BasicEventDispatcher.dispatchEvent(BasicEventDispatcher.java:58) ~[jfxrt.jar:?]
	at com.sun.javafx.event.EventDispatchChainImpl.dispatchEvent(EventDispatchChainImpl.java:114) ~[jfxrt.jar:?]
	at com.sun.javafx.event.BasicEventDispatcher.dispatchEvent(BasicEventDispatcher.java:56) ~[jfxrt.jar:?]
	at com.sun.javafx.event.EventDispatchChainImpl.dispatchEvent(EventDispatchChainImpl.java:114) ~[jfxrt.jar:?]
	at com.sun.javafx.event.BasicEventDispatcher.dispatchEvent(BasicEventDispatcher.java:56) ~[jfxrt.jar:?]
	at com.sun.javafx.event.EventDispatchChainImpl.dispatchEvent(EventDispatchChainImpl.java:114) ~[jfxrt.jar:?]
	at com.sun.javafx.event.EventUtil.fireEventImpl(EventUtil.java:74) ~[jfxrt.jar:?]
	at com.sun.javafx.event.EventUtil.fireEvent(EventUtil.java:49) ~[jfxrt.jar:?]
	at javafx.event.Event.fireEvent(Event.java:198) ~[jfxrt.jar:?]
	at javafx.scene.Node.fireEvent(Node.java:8413) ~[jfxrt.jar:?]
	at javafx.scene.control.Button.fire(Button.java:185) ~[jfxrt.jar:?]
	at com.sun.javafx.scene.control.behavior.ButtonBehavior.mouseReleased(ButtonBehavior.java:182) ~[jfxrt.jar:?]
	at com.sun.javafx.scene.control.skin.BehaviorSkinBase$1.handle(BehaviorSkinBase.java:96) ~[jfxrt.jar:?]
	at com.sun.javafx.scene.control.skin.BehaviorSkinBase$1.handle(BehaviorSkinBase.java:89) ~[jfxrt.jar:?]
	at com.sun.javafx.event.CompositeEventHandler$NormalEventHandlerRecord.handleBubblingEvent(CompositeEventHandler.java:218) ~[jfxrt.jar:?]
	at com.sun.javafx.event.CompositeEventHandler.dispatchBubblingEvent(CompositeEventHandler.java:80) ~[jfxrt.jar:?]
	at com.sun.javafx.event.EventHandlerManager.dispatchBubblingEvent(EventHandlerManager.java:238) ~[jfxrt.jar:?]
	at com.sun.javafx.event.EventHandlerManager.dispatchBubblingEvent(EventHandlerManager.java:191) ~[jfxrt.jar:?]
	at com.sun.javafx.event.CompositeEventDispatcher.dispatchBubblingEvent(CompositeEventDispatcher.java:59) ~[jfxrt.jar:?]
	at com.sun.javafx.event.BasicEventDispatcher.dispatchEvent(BasicEventDispatcher.java:58) ~[jfxrt.jar:?]
	at com.sun.javafx.event.EventDispatchChainImpl.dispatchEvent(EventDispatchChainImpl.java:114) ~[jfxrt.jar:?]
	at com.sun.javafx.event.BasicEventDispatcher.dispatchEvent(BasicEventDispatcher.java:56) ~[jfxrt.jar:?]
	at com.sun.javafx.event.EventDispatchChainImpl.dispatchEvent(EventDispatchChainImpl.java:114) ~[jfxrt.jar:?]
	at com.sun.javafx.event.BasicEventDispatcher.dispatchEvent(BasicEventDispatcher.java:56) ~[jfxrt.jar:?]
	at com.sun.javafx.event.EventDispatchChainImpl.dispatchEvent(EventDispatchChainImpl.java:114) ~[jfxrt.jar:?]
	at com.sun.javafx.event.EventUtil.fireEventImpl(EventUtil.java:74) ~[jfxrt.jar:?]
	at com.sun.javafx.event.EventUtil.fireEvent(EventUtil.java:54) ~[jfxrt.jar:?]
	at javafx.event.Event.fireEvent(Event.java:198) ~[jfxrt.jar:?]
	at javafx.scene.Scene$MouseHandler.process(Scene.java:3757) ~[jfxrt.jar:?]
	at javafx.scene.Scene$MouseHandler.access$1500(Scene.java:3485) ~[jfxrt.jar:?]
	at javafx.scene.Scene.impl_processMouseEvent(Scene.java:1762) ~[jfxrt.jar:?]
	at javafx.scene.Scene$ScenePeerListener.mouseEvent(Scene.java:2494) ~[jfxrt.jar:?]
	at com.sun.javafx.tk.quantum.GlassViewEventHandler$MouseEventNotification.run(GlassViewEventHandler.java:381) ~[jfxrt.jar:?]
	at com.sun.javafx.tk.quantum.GlassViewEventHandler$MouseEventNotification.run(GlassViewEventHandler.java:295) ~[jfxrt.jar:?]
	at java.security.AccessController.doPrivileged(Native Method) ~[?:1.8.0_131]
	at com.sun.javafx.tk.quantum.GlassViewEventHandler.lambda$handleMouseEvent$354(GlassViewEventHandler.java:417) ~[jfxrt.jar:?]
	at com.sun.javafx.tk.quantum.QuantumToolkit.runWithoutRenderLock(QuantumToolkit.java:389) ~[jfxrt.jar:?]
	at com.sun.javafx.tk.quantum.GlassViewEventHandler.handleMouseEvent(GlassViewEventHandler.java:416) ~[jfxrt.jar:?]
	at com.sun.glass.ui.View.handleMouseEvent(View.java:555) ~[jfxrt.jar:?]
	at com.sun.glass.ui.View.notifyMouse(View.java:937) ~[jfxrt.jar:?]
	at com.sun.glass.ui.win.WinApplication._runLoop(Native Method) ~[jfxrt.jar:?]
	at com.sun.glass.ui.win.WinApplication.lambda$null$148(WinApplication.java:191) ~[jfxrt.jar:?]
	at java.lang.Thread.run(Thread.java:748) [?:1.8.0_131]
Caused by: java.lang.ClassNotFoundException:  com.clown.ui.main.MainController
	at java.net.URLClassLoader.findClass(URLClassLoader.java:381) ~[?:1.8.0_131]
	at java.lang.ClassLoader.loadClass(ClassLoader.java:424) ~[?:1.8.0_131]
	at sun.misc.Launcher$AppClassLoader.loadClass(Launcher.java:335) ~[?:1.8.0_131]
	at java.lang.ClassLoader.loadClass(ClassLoader.java:357) ~[?:1.8.0_131]
	at javafx.fxml.FXMLLoader$ValueElement.processAttribute(FXMLLoader.java:920) ~[jfxrt.jar:?]
	... 72 more
2018-06-14 15:55:09.470 [Thread-6] INFO  com.clown.ui.main.Main - Library Assistant is closing on 14-06-2018 03:55:06 下午. Used for 1528962909470 ms
2018-06-14 15:59:03.255 [main] INFO  com.clown.ui.main.Main - Library Assistant launched on 14-06-2018 03:59:03 下午
2018-06-14 15:59:03.281 [JavaFX Application Thread] INFO  com.clown.Utils.SqlUtil - 成功加载MySQL驱动
2018-06-14 15:59:03.537 [JavaFX Application Thread] INFO  com.clown.Utils.SqlUtil - 连接数据库成功
2018-06-14 15:59:06.472 [JavaFX Application Thread] INFO  com.clown.ui.login.LoginController - User successfully logged in lph1
2018-06-14 15:59:06.482 [JavaFX Application Thread] ERROR com.clown.ui.login.LoginController - {}
javafx.fxml.LoadException: 
/D:/WorkSpace/JFoenix/Book_Recommendation/out/production/Book_Recommendation/com/clown/ui/main/main.fxml:13

	at javafx.fxml.FXMLLoader.constructLoadException(FXMLLoader.java:2601) ~[jfxrt.jar:?]
	at javafx.fxml.FXMLLoader.access$700(FXMLLoader.java:103) ~[jfxrt.jar:?]
	at javafx.fxml.FXMLLoader$ValueElement.processAttribute(FXMLLoader.java:922) ~[jfxrt.jar:?]
	at javafx.fxml.FXMLLoader$InstanceDeclarationElement.processAttribute(FXMLLoader.java:971) ~[jfxrt.jar:?]
	at javafx.fxml.FXMLLoader$Element.processStartElement(FXMLLoader.java:220) ~[jfxrt.jar:?]
	at javafx.fxml.FXMLLoader$ValueElement.processStartElement(FXMLLoader.java:744) ~[jfxrt.jar:?]
	at javafx.fxml.FXMLLoader.processStartElement(FXMLLoader.java:2707) ~[jfxrt.jar:?]
	at javafx.fxml.FXMLLoader.loadImpl(FXMLLoader.java:2527) ~[jfxrt.jar:?]
	at javafx.fxml.FXMLLoader.loadImpl(FXMLLoader.java:2441) ~[jfxrt.jar:?]
	at javafx.fxml.FXMLLoader.loadImpl(FXMLLoader.java:3214) ~[jfxrt.jar:?]
	at javafx.fxml.FXMLLoader.loadImpl(FXMLLoader.java:3175) ~[jfxrt.jar:?]
	at javafx.fxml.FXMLLoader.loadImpl(FXMLLoader.java:3148) ~[jfxrt.jar:?]
	at javafx.fxml.FXMLLoader.loadImpl(FXMLLoader.java:3124) ~[jfxrt.jar:?]
	at javafx.fxml.FXMLLoader.loadImpl(FXMLLoader.java:3104) ~[jfxrt.jar:?]
	at javafx.fxml.FXMLLoader.load(FXMLLoader.java:3097) ~[jfxrt.jar:?]
	at com.clown.ui.login.LoginController.loadMain(LoginController.java:95) ~[Book_Recommendation/:?]
	at com.clown.ui.login.LoginController.handleLoginButtonAction(LoginController.java:58) ~[Book_Recommendation/:?]
	at sun.reflect.NativeMethodAccessorImpl.invoke0(Native Method) ~[?:1.8.0_131]
	at sun.reflect.NativeMethodAccessorImpl.invoke(NativeMethodAccessorImpl.java:62) ~[?:1.8.0_131]
	at sun.reflect.DelegatingMethodAccessorImpl.invoke(DelegatingMethodAccessorImpl.java:43) ~[?:1.8.0_131]
	at java.lang.reflect.Method.invoke(Method.java:498) ~[?:1.8.0_131]
	at sun.reflect.misc.Trampoline.invoke(MethodUtil.java:71) ~[?:1.8.0_131]
	at sun.reflect.GeneratedMethodAccessor1.invoke(Unknown Source) ~[?:?]
	at sun.reflect.DelegatingMethodAccessorImpl.invoke(DelegatingMethodAccessorImpl.java:43) ~[?:1.8.0_131]
	at java.lang.reflect.Method.invoke(Method.java:498) ~[?:1.8.0_131]
	at sun.reflect.misc.MethodUtil.invoke(MethodUtil.java:275) ~[?:1.8.0_131]
	at javafx.fxml.FXMLLoader$MethodHandler.invoke(FXMLLoader.java:1769) ~[jfxrt.jar:?]
	at javafx.fxml.FXMLLoader$ControllerMethodEventHandler.handle(FXMLLoader.java:1657) ~[jfxrt.jar:?]
	at com.sun.javafx.event.CompositeEventHandler.dispatchBubblingEvent(CompositeEventHandler.java:86) ~[jfxrt.jar:?]
	at com.sun.javafx.event.EventHandlerManager.dispatchBubblingEvent(EventHandlerManager.java:238) ~[jfxrt.jar:?]
	at com.sun.javafx.event.EventHandlerManager.dispatchBubblingEvent(EventHandlerManager.java:191) ~[jfxrt.jar:?]
	at com.sun.javafx.event.CompositeEventDispatcher.dispatchBubblingEvent(CompositeEventDispatcher.java:59) ~[jfxrt.jar:?]
	at com.sun.javafx.event.BasicEventDispatcher.dispatchEvent(BasicEventDispatcher.java:58) ~[jfxrt.jar:?]
	at com.sun.javafx.event.EventDispatchChainImpl.dispatchEvent(EventDispatchChainImpl.java:114) ~[jfxrt.jar:?]
	at com.sun.javafx.event.BasicEventDispatcher.dispatchEvent(BasicEventDispatcher.java:56) ~[jfxrt.jar:?]
	at com.sun.javafx.event.EventDispatchChainImpl.dispatchEvent(EventDispatchChainImpl.java:114) ~[jfxrt.jar:?]
	at com.sun.javafx.event.BasicEventDispatcher.dispatchEvent(BasicEventDispatcher.java:56) ~[jfxrt.jar:?]
	at com.sun.javafx.event.EventDispatchChainImpl.dispatchEvent(EventDispatchChainImpl.java:114) ~[jfxrt.jar:?]
	at com.sun.javafx.event.EventUtil.fireEventImpl(EventUtil.java:74) ~[jfxrt.jar:?]
	at com.sun.javafx.event.EventUtil.fireEvent(EventUtil.java:49) ~[jfxrt.jar:?]
	at javafx.event.Event.fireEvent(Event.java:198) ~[jfxrt.jar:?]
	at javafx.scene.Node.fireEvent(Node.java:8413) ~[jfxrt.jar:?]
	at javafx.scene.control.Button.fire(Button.java:185) ~[jfxrt.jar:?]
	at com.sun.javafx.scene.control.behavior.ButtonBehavior.mouseReleased(ButtonBehavior.java:182) ~[jfxrt.jar:?]
	at com.sun.javafx.scene.control.skin.BehaviorSkinBase$1.handle(BehaviorSkinBase.java:96) ~[jfxrt.jar:?]
	at com.sun.javafx.scene.control.skin.BehaviorSkinBase$1.handle(BehaviorSkinBase.java:89) ~[jfxrt.jar:?]
	at com.sun.javafx.event.CompositeEventHandler$NormalEventHandlerRecord.handleBubblingEvent(CompositeEventHandler.java:218) ~[jfxrt.jar:?]
	at com.sun.javafx.event.CompositeEventHandler.dispatchBubblingEvent(CompositeEventHandler.java:80) ~[jfxrt.jar:?]
	at com.sun.javafx.event.EventHandlerManager.dispatchBubblingEvent(EventHandlerManager.java:238) ~[jfxrt.jar:?]
	at com.sun.javafx.event.EventHandlerManager.dispatchBubblingEvent(EventHandlerManager.java:191) ~[jfxrt.jar:?]
	at com.sun.javafx.event.CompositeEventDispatcher.dispatchBubblingEvent(CompositeEventDispatcher.java:59) ~[jfxrt.jar:?]
	at com.sun.javafx.event.BasicEventDispatcher.dispatchEvent(BasicEventDispatcher.java:58) ~[jfxrt.jar:?]
	at com.sun.javafx.event.EventDispatchChainImpl.dispatchEvent(EventDispatchChainImpl.java:114) ~[jfxrt.jar:?]
	at com.sun.javafx.event.BasicEventDispatcher.dispatchEvent(BasicEventDispatcher.java:56) ~[jfxrt.jar:?]
	at com.sun.javafx.event.EventDispatchChainImpl.dispatchEvent(EventDispatchChainImpl.java:114) ~[jfxrt.jar:?]
	at com.sun.javafx.event.BasicEventDispatcher.dispatchEvent(BasicEventDispatcher.java:56) ~[jfxrt.jar:?]
	at com.sun.javafx.event.EventDispatchChainImpl.dispatchEvent(EventDispatchChainImpl.java:114) ~[jfxrt.jar:?]
	at com.sun.javafx.event.EventUtil.fireEventImpl(EventUtil.java:74) ~[jfxrt.jar:?]
	at com.sun.javafx.event.EventUtil.fireEvent(EventUtil.java:54) ~[jfxrt.jar:?]
	at javafx.event.Event.fireEvent(Event.java:198) ~[jfxrt.jar:?]
	at javafx.scene.Scene$MouseHandler.process(Scene.java:3757) ~[jfxrt.jar:?]
	at javafx.scene.Scene$MouseHandler.access$1500(Scene.java:3485) ~[jfxrt.jar:?]
	at javafx.scene.Scene.impl_processMouseEvent(Scene.java:1762) ~[jfxrt.jar:?]
	at javafx.scene.Scene$ScenePeerListener.mouseEvent(Scene.java:2494) ~[jfxrt.jar:?]
	at com.sun.javafx.tk.quantum.GlassViewEventHandler$MouseEventNotification.run(GlassViewEventHandler.java:381) ~[jfxrt.jar:?]
	at com.sun.javafx.tk.quantum.GlassViewEventHandler$MouseEventNotification.run(GlassViewEventHandler.java:295) ~[jfxrt.jar:?]
	at java.security.AccessController.doPrivileged(Native Method) ~[?:1.8.0_131]
	at com.sun.javafx.tk.quantum.GlassViewEventHandler.lambda$handleMouseEvent$354(GlassViewEventHandler.java:417) ~[jfxrt.jar:?]
	at com.sun.javafx.tk.quantum.QuantumToolkit.runWithoutRenderLock(QuantumToolkit.java:389) ~[jfxrt.jar:?]
	at com.sun.javafx.tk.quantum.GlassViewEventHandler.handleMouseEvent(GlassViewEventHandler.java:416) ~[jfxrt.jar:?]
	at com.sun.glass.ui.View.handleMouseEvent(View.java:555) ~[jfxrt.jar:?]
	at com.sun.glass.ui.View.notifyMouse(View.java:937) ~[jfxrt.jar:?]
	at com.sun.glass.ui.win.WinApplication._runLoop(Native Method) ~[jfxrt.jar:?]
	at com.sun.glass.ui.win.WinApplication.lambda$null$148(WinApplication.java:191) ~[jfxrt.jar:?]
	at java.lang.Thread.run(Thread.java:748) [?:1.8.0_131]
Caused by: java.lang.ClassNotFoundException:  com.clown.ui.main.MainController
	at java.net.URLClassLoader.findClass(URLClassLoader.java:381) ~[?:1.8.0_131]
	at java.lang.ClassLoader.loadClass(ClassLoader.java:424) ~[?:1.8.0_131]
	at sun.misc.Launcher$AppClassLoader.loadClass(Launcher.java:335) ~[?:1.8.0_131]
	at java.lang.ClassLoader.loadClass(ClassLoader.java:357) ~[?:1.8.0_131]
	at javafx.fxml.FXMLLoader$ValueElement.processAttribute(FXMLLoader.java:920) ~[jfxrt.jar:?]
	... 72 more
2018-06-14 15:59:06.509 [Thread-6] INFO  com.clown.ui.main.Main - Library Assistant is closing on 14-06-2018 03:59:03 下午. Used for 1528963146509 ms
2018-06-14 15:59:39.158 [main] INFO  com.clown.ui.main.Main - Library Assistant launched on 14-06-2018 03:59:39 下午
2018-06-14 15:59:39.182 [JavaFX Application Thread] INFO  com.clown.Utils.SqlUtil - 成功加载MySQL驱动
2018-06-14 15:59:39.395 [JavaFX Application Thread] INFO  com.clown.Utils.SqlUtil - 连接数据库成功
2018-06-14 15:59:42.266 [JavaFX Application Thread] INFO  com.clown.ui.login.LoginController - User successfully logged in lph1
2018-06-14 15:59:42.291 [Thread-6] INFO  com.clown.ui.main.Main - Library Assistant is closing on 14-06-2018 03:59:39 下午. Used for 1528963182291 ms
2018-06-14 16:01:07.948 [main] INFO  com.clown.ui.main.Main - Library Assistant launched on 14-06-2018 04:01:07 下午
2018-06-14 16:01:07.978 [JavaFX Application Thread] INFO  com.clown.Utils.SqlUtil - 成功加载MySQL驱动
2018-06-14 16:01:08.190 [JavaFX Application Thread] INFO  com.clown.Utils.SqlUtil - 连接数据库成功
2018-06-14 16:01:10.575 [JavaFX Application Thread] INFO  com.clown.ui.login.LoginController - User successfully logged in lph1
2018-06-14 16:37:43.813 [main] INFO  com.clown.ui.main.Main - Library Assistant launched on 14-06-2018 04:37:43 下午
2018-06-14 16:37:43.841 [JavaFX Application Thread] INFO  com.clown.Utils.SqlUtil - 成功加载MySQL驱动
2018-06-14 16:37:44.162 [JavaFX Application Thread] INFO  com.clown.Utils.SqlUtil - 连接数据库成功
2018-06-14 16:37:47.494 [JavaFX Application Thread] INFO  com.clown.ui.login.LoginController - User successfully logged in lph1
2018-06-14 16:48:37.000 [main] INFO  com.clown.ui.main.Main - Library Assistant launched on 14-06-2018 04:48:36 下午
2018-06-14 16:48:37.026 [JavaFX Application Thread] INFO  com.clown.Utils.SqlUtil - 成功加载MySQL驱动
2018-06-14 16:48:37.288 [JavaFX Application Thread] INFO  com.clown.Utils.SqlUtil - 连接数据库成功
2018-06-14 16:48:42.567 [JavaFX Application Thread] INFO  com.clown.ui.login.LoginController - User successfully logged in lph1
2018-06-14 16:53:37.837 [main] INFO  com.clown.ui.main.Main - Library Assistant launched on 14-06-2018 04:53:37 下午
2018-06-14 16:53:37.865 [JavaFX Application Thread] INFO  com.clown.Utils.SqlUtil - 成功加载MySQL驱动
2018-06-14 16:53:38.102 [JavaFX Application Thread] INFO  com.clown.Utils.SqlUtil - 连接数据库成功
2018-06-14 16:53:41.270 [JavaFX Application Thread] INFO  com.clown.ui.login.LoginController - User successfully logged in lph1
2018-06-14 17:01:30.792 [main] INFO  com.clown.ui.main.Main - Library Assistant launched on 14-06-2018 05:01:30 下午
2018-06-14 17:01:30.821 [JavaFX Application Thread] INFO  com.clown.Utils.SqlUtil - 成功加载MySQL驱动
2018-06-14 17:01:31.081 [JavaFX Application Thread] INFO  com.clown.Utils.SqlUtil - 连接数据库成功
2018-06-14 17:01:35.586 [Thread-6] INFO  com.clown.ui.main.Main - Library Assistant is closing on 14-06-2018 04:48:36 下午. Used for 1528966895586 ms
2018-06-14 17:01:37.745 [JavaFX Application Thread] INFO  com.clown.ui.login.LoginController - User successfully logged in lph1
2018-06-14 17:03:46.358 [main] INFO  com.clown.ui.main.Main - Library Assistant launched on 14-06-2018 05:03:46 下午
2018-06-14 17:03:46.383 [JavaFX Application Thread] INFO  com.clown.Utils.SqlUtil - 成功加载MySQL驱动
2018-06-14 17:03:46.639 [JavaFX Application Thread] INFO  com.clown.Utils.SqlUtil - 连接数据库成功
2018-06-14 17:03:49.055 [JavaFX Application Thread] INFO  com.clown.ui.login.LoginController - User successfully logged in lph1
2018-06-14 17:03:53.537 [Thread-6] INFO  com.clown.ui.main.Main - Library Assistant is closing on 14-06-2018 05:03:46 下午. Used for 1528967033537 ms
2018-06-14 17:05:26.858 [main] INFO  com.clown.ui.main.Main - Library Assistant launched on 14-06-2018 05:05:26 下午
2018-06-14 17:05:26.880 [JavaFX Application Thread] INFO  com.clown.Utils.SqlUtil - 成功加载MySQL驱动
2018-06-14 17:05:27.100 [JavaFX Application Thread] INFO  com.clown.Utils.SqlUtil - 连接数据库成功
2018-06-14 17:05:30.737 [JavaFX Application Thread] INFO  com.clown.ui.login.LoginController - User successfully logged in lph1
2018-06-14 17:06:25.090 [main] INFO  com.clown.ui.main.Main - Library Assistant launched on 14-06-2018 05:06:25 下午
2018-06-14 17:06:25.116 [JavaFX Application Thread] INFO  com.clown.Utils.SqlUtil - 成功加载MySQL驱动
2018-06-14 17:06:25.376 [JavaFX Application Thread] INFO  com.clown.Utils.SqlUtil - 连接数据库成功
2018-06-14 17:06:27.406 [JavaFX Application Thread] INFO  com.clown.ui.login.LoginController - User successfully logged in lph1
2018-06-14 17:06:32.818 [Thread-6] INFO  com.clown.ui.main.Main - Library Assistant is closing on 14-06-2018 05:06:25 下午. Used for 1528967192817 ms
2018-06-14 18:46:52.148 [main] INFO  com.clown.ui.main.Main - Library Assistant launched on 14-06-2018 06:46:52 下午
2018-06-14 18:46:52.175 [JavaFX Application Thread] INFO  com.clown.Utils.SqlUtil - 成功加载MySQL驱动
2018-06-14 18:46:52.444 [JavaFX Application Thread] INFO  com.clown.Utils.SqlUtil - 连接数据库成功
2018-06-14 18:46:55.783 [JavaFX Application Thread] INFO  com.clown.ui.login.LoginController - User successfully logged in lph1
2018-06-14 18:47:04.975 [Thread-6] INFO  com.clown.ui.main.Main - Library Assistant is closing on 14-06-2018 06:46:52 下午. Used for 1528973224974 ms
2018-06-14 18:47:57.081 [main] INFO  com.clown.ui.main.Main - Library Assistant launched on 14-06-2018 06:47:57 下午
2018-06-14 18:47:57.106 [JavaFX Application Thread] INFO  com.clown.Utils.SqlUtil - 成功加载MySQL驱动
2018-06-14 18:47:57.341 [JavaFX Application Thread] INFO  com.clown.Utils.SqlUtil - 连接数据库成功
2018-06-14 18:47:59.401 [JavaFX Application Thread] INFO  com.clown.ui.login.LoginController - User successfully logged in lph1
2018-06-14 18:51:35.851 [main] INFO  com.clown.ui.main.Main - Library Assistant launched on 14-06-2018 06:51:35 下午
2018-06-14 18:51:35.875 [JavaFX Application Thread] INFO  com.clown.Utils.SqlUtil - 成功加载MySQL驱动
2018-06-14 18:51:36.135 [JavaFX Application Thread] INFO  com.clown.Utils.SqlUtil - 连接数据库成功
2018-06-14 18:51:38.668 [JavaFX Application Thread] INFO  com.clown.ui.login.LoginController - User successfully logged in lph1
2018-06-14 18:56:28.769 [main] INFO  com.clown.ui.main.Main - Library Assistant launched on 14-06-2018 06:56:28 下午
2018-06-14 18:56:28.794 [JavaFX Application Thread] INFO  com.clown.Utils.SqlUtil - 成功加载MySQL驱动
2018-06-14 18:56:29.041 [JavaFX Application Thread] INFO  com.clown.Utils.SqlUtil - 连接数据库成功
2018-06-14 18:56:32.272 [JavaFX Application Thread] INFO  com.clown.ui.login.LoginController - User successfully logged in lph1
2018-06-14 19:03:36.349 [main] INFO  com.clown.ui.main.Main - Library Assistant launched on 14-06-2018 07:03:36 下午
2018-06-14 19:03:36.373 [JavaFX Application Thread] INFO  com.clown.Utils.SqlUtil - 成功加载MySQL驱动
2018-06-14 19:03:36.621 [JavaFX Application Thread] INFO  com.clown.Utils.SqlUtil - 连接数据库成功
2018-06-14 19:03:44.434 [JavaFX Application Thread] INFO  com.clown.ui.login.LoginController - User successfully logged in lph1
2018-06-14 19:12:59.804 [main] INFO  com.clown.ui.main.Main - Library Assistant launched on 14-06-2018 07:12:59 下午
2018-06-14 19:12:59.827 [JavaFX Application Thread] INFO  com.clown.Utils.SqlUtil - 成功加载MySQL驱动
2018-06-14 19:13:00.094 [JavaFX Application Thread] INFO  com.clown.Utils.SqlUtil - 连接数据库成功
2018-06-14 19:13:03.178 [JavaFX Application Thread] INFO  com.clown.ui.login.LoginController - User successfully logged in lph1
2018-06-14 19:23:12.486 [main] INFO  com.clown.ui.main.Main - Library Assistant launched on 14-06-2018 07:23:12 下午
2018-06-14 19:23:12.510 [JavaFX Application Thread] INFO  com.clown.Utils.SqlUtil - 成功加载MySQL驱动
2018-06-14 19:23:12.757 [JavaFX Application Thread] INFO  com.clown.Utils.SqlUtil - 连接数据库成功
2018-06-14 19:23:14.879 [JavaFX Application Thread] INFO  com.clown.ui.login.LoginController - User successfully logged in lph1
2018-06-14 19:27:10.837 [main] INFO  com.clown.ui.main.Main - Library Assistant launched on 14-06-2018 07:27:10 下午
2018-06-14 19:27:10.865 [JavaFX Application Thread] INFO  com.clown.Utils.SqlUtil - 成功加载MySQL驱动
2018-06-14 19:27:11.148 [JavaFX Application Thread] INFO  com.clown.Utils.SqlUtil - 连接数据库成功
2018-06-14 19:27:13.384 [JavaFX Application Thread] INFO  com.clown.ui.login.LoginController - User successfully logged in lph1
2018-06-14 19:27:25.229 [JavaFX Application Thread] INFO  com.clown.ui.main.MainController - click image
2018-06-14 19:27:25.625 [JavaFX Application Thread] INFO  com.clown.ui.main.MainController - click image
