2018-06-17 09:58:59.046 [main] INFO  com.clown.ui.main.Main - Library Assistant launched on 17-06-2018 09:58:59 上午
2018-06-17 09:58:59.069 [JavaFX Application Thread] INFO  com.clown.Utils.SqlUtil - 成功加载MySQL驱动
2018-06-17 09:58:59.299 [JavaFX Application Thread] INFO  com.clown.Utils.SqlUtil - 连接数据库成功
2018-06-17 09:59:06.154 [JavaFX Application Thread] INFO  com.clown.ui.login.LoginController - User successfully logged in lph1
2018-06-17 09:59:06.575 [JavaFX Application Thread] INFO  com.clown.ui.main.MainController - searchTab
2018-06-17 09:59:06.575 [JavaFX Application Thread] INFO  com.clown.ui.main.MainController - searchComboxBox refresh : 
2018-06-17 09:59:10.100 [JavaFX Application Thread] INFO  com.clown.ui.main.MainController - RecommendBook{Bid=StringProperty [value: 1639199], BName=StringProperty [value: 吞噬星空]}
2018-06-17 09:59:26.982 [JavaFX Application Thread] INFO  com.clown.ui.main.MainController - searchTab
2018-06-17 09:59:26.982 [JavaFX Application Thread] INFO  com.clown.ui.main.MainController - searchComboxBox refresh : 
2018-06-17 09:59:27.014 [JavaFX Application Thread] INFO  com.clown.ui.main.MainController - ReadingTab
2018-06-17 09:59:27.035 [JavaFX Application Thread] INFO  com.clown.ui.main.MainController - label num : 10
2018-06-17 09:59:27.036 [JavaFX Application Thread] INFO  com.clown.ui.main.MainController - labels num :10
2018-06-17 09:59:28.552 [JavaFX Application Thread] INFO  com.clown.ui.main.MainController - ReadingTab
2018-06-17 09:59:28.552 [JavaFX Application Thread] INFO  com.clown.ui.main.MainController - label num : 10
2018-06-17 09:59:28.553 [JavaFX Application Thread] INFO  com.clown.ui.main.MainController - labels num :10
2018-06-17 09:59:28.555 [JavaFX Application Thread] INFO  com.clown.ui.main.MainController - searchTab
2018-06-17 09:59:28.555 [JavaFX Application Thread] INFO  com.clown.ui.main.MainController - searchComboxBox refresh : 
2018-06-17 09:59:29.073 [JavaFX Application Thread] INFO  com.clown.ui.main.MainController - searchTab
2018-06-17 09:59:29.073 [JavaFX Application Thread] INFO  com.clown.ui.main.MainController - searchComboxBox refresh : 
2018-06-17 09:59:29.090 [JavaFX Application Thread] INFO  com.clown.ui.main.MainController - ReadingTab
2018-06-17 09:59:29.090 [JavaFX Application Thread] INFO  com.clown.ui.main.MainController - label num : 10
2018-06-17 09:59:29.090 [JavaFX Application Thread] INFO  com.clown.ui.main.MainController - labels num :10
2018-06-17 09:59:30.602 [JavaFX Application Thread] INFO  com.clown.ui.main.MainController - ReadingTab
2018-06-17 09:59:30.602 [JavaFX Application Thread] INFO  com.clown.ui.main.MainController - label num : 10
2018-06-17 09:59:30.603 [JavaFX Application Thread] INFO  com.clown.ui.main.MainController - labels num :10
2018-06-17 09:59:30.604 [JavaFX Application Thread] INFO  com.clown.ui.main.MainController - searchTab
2018-06-17 09:59:30.604 [JavaFX Application Thread] INFO  com.clown.ui.main.MainController - searchComboxBox refresh : 
2018-06-17 10:02:05.155 [main] INFO  com.clown.ui.main.Main - Library Assistant launched on 17-06-2018 10:02:05 上午
2018-06-17 10:02:05.188 [JavaFX Application Thread] INFO  com.clown.Utils.SqlUtil - 成功加载MySQL驱动
2018-06-17 10:02:05.451 [JavaFX Application Thread] INFO  com.clown.Utils.SqlUtil - 连接数据库成功
2018-06-17 10:02:46.975 [Thread-6] INFO  com.clown.ui.main.Main - Library Assistant is closing on 17-06-2018 10:02:05 上午. Used for 1529200966975 ms
2018-06-17 10:03:05.922 [main] INFO  com.clown.ui.main.Main - Library Assistant launched on 17-06-2018 10:03:05 上午
2018-06-17 10:03:05.956 [JavaFX Application Thread] INFO  com.clown.Utils.SqlUtil - 成功加载MySQL驱动
2018-06-17 10:03:06.225 [JavaFX Application Thread] INFO  com.clown.Utils.SqlUtil - 连接数据库成功
2018-06-17 10:03:22.333 [JavaFX Application Thread] INFO  com.clown.ui.login.LoginController - User successfully logged in admin
2018-06-17 10:03:22.441 [JavaFX Application Thread] INFO  com.clown.ui.main.MainController - searchTab
2018-06-17 10:03:22.442 [JavaFX Application Thread] INFO  com.clown.ui.main.MainController - searchComboxBox refresh : 
2018-06-17 10:03:24.253 [JavaFX Application Thread] INFO  com.clown.ui.main.MainController - searchTab
2018-06-17 10:03:24.253 [JavaFX Application Thread] INFO  com.clown.ui.main.MainController - searchComboxBox refresh : 
2018-06-17 10:03:24.282 [JavaFX Application Thread] INFO  com.clown.ui.main.MainController - ReadingTab
2018-06-17 10:03:24.287 [JavaFX Application Thread] INFO  com.clown.ui.main.MainController - label num : 10
2018-06-17 10:03:24.288 [JavaFX Application Thread] INFO  com.clown.ui.main.MainController - labels num :10
2018-06-17 10:03:24.673 [JavaFX Application Thread] INFO  com.clown.ui.main.MainController - ReadingTab
2018-06-17 10:03:24.673 [JavaFX Application Thread] INFO  com.clown.ui.main.MainController - label num : 10
2018-06-17 10:03:24.673 [JavaFX Application Thread] INFO  com.clown.ui.main.MainController - labels num :10
2018-06-17 10:03:24.675 [JavaFX Application Thread] INFO  com.clown.ui.main.MainController - EvaluationTab
2018-06-17 10:03:25.319 [JavaFX Application Thread] INFO  com.clown.ui.main.MainController - EvaluationTab
2018-06-17 10:03:25.320 [JavaFX Application Thread] INFO  com.clown.ui.main.MainController - ReadingTab
2018-06-17 10:03:25.320 [JavaFX Application Thread] INFO  com.clown.ui.main.MainController - label num : 10
2018-06-17 10:03:25.320 [JavaFX Application Thread] INFO  com.clown.ui.main.MainController - labels num :10
2018-06-17 10:03:25.992 [JavaFX Application Thread] INFO  com.clown.ui.main.MainController - ReadingTab
2018-06-17 10:03:25.992 [JavaFX Application Thread] INFO  com.clown.ui.main.MainController - label num : 10
2018-06-17 10:03:25.992 [JavaFX Application Thread] INFO  com.clown.ui.main.MainController - labels num :10
2018-06-17 10:03:25.993 [JavaFX Application Thread] INFO  com.clown.ui.main.MainController - searchTab
2018-06-17 10:03:25.994 [JavaFX Application Thread] INFO  com.clown.ui.main.MainController - searchComboxBox refresh : 
2018-06-17 10:03:27.043 [Thread-9] INFO  com.clown.ui.main.Main - Library Assistant is closing on 17-06-2018 10:03:05 上午. Used for 1529201007042 ms
2018-06-17 10:03:36.608 [main] INFO  com.clown.ui.main.Main - Library Assistant launched on 17-06-2018 10:03:36 上午
2018-06-17 10:03:36.632 [JavaFX Application Thread] INFO  com.clown.Utils.SqlUtil - 成功加载MySQL驱动
2018-06-17 10:03:36.913 [JavaFX Application Thread] INFO  com.clown.Utils.SqlUtil - 连接数据库成功
2018-06-17 10:06:17.151 [main] INFO  com.clown.ui.main.Main - Library Assistant launched on 17-06-2018 10:06:17 上午
2018-06-17 10:06:17.192 [JavaFX Application Thread] INFO  com.clown.Utils.SqlUtil - 成功加载MySQL驱动
2018-06-17 10:06:17.447 [JavaFX Application Thread] INFO  com.clown.Utils.SqlUtil - 连接数据库成功
2018-06-17 10:06:40.011 [Thread-6] INFO  com.clown.ui.main.Main - Library Assistant is closing on 17-06-2018 10:06:17 上午. Used for 1529201200010 ms
2018-06-17 10:07:02.257 [main] INFO  com.clown.ui.main.Main - Library Assistant launched on 17-06-2018 10:07:02 上午
2018-06-17 10:07:02.290 [JavaFX Application Thread] INFO  com.clown.Utils.SqlUtil - 成功加载MySQL驱动
2018-06-17 10:07:02.533 [JavaFX Application Thread] INFO  com.clown.Utils.SqlUtil - 连接数据库成功
2018-06-17 10:07:34.360 [main] INFO  com.clown.ui.main.Main - Library Assistant launched on 17-06-2018 10:07:34 上午
2018-06-17 10:07:34.394 [JavaFX Application Thread] INFO  com.clown.Utils.SqlUtil - 成功加载MySQL驱动
2018-06-17 10:07:34.654 [JavaFX Application Thread] INFO  com.clown.Utils.SqlUtil - 连接数据库成功
2018-06-17 10:07:42.597 [JavaFX Application Thread] INFO  com.clown.ui.login.LoginController - User successfully logged in clown
2018-06-17 10:07:42.732 [JavaFX Application Thread] INFO  com.clown.ui.main.MainController - searchTab
2018-06-17 10:07:42.732 [JavaFX Application Thread] INFO  com.clown.ui.main.MainController - searchComboxBox refresh : 
2018-06-17 10:08:07.625 [JavaFX Application Thread] INFO  com.clown.ui.main.MainController - searchTab
2018-06-17 10:08:07.625 [JavaFX Application Thread] INFO  com.clown.ui.main.MainController - searchComboxBox refresh : 
2018-06-17 10:08:07.653 [JavaFX Application Thread] INFO  com.clown.ui.main.MainController - ReadingTab
2018-06-17 10:08:07.660 [JavaFX Application Thread] INFO  com.clown.ui.main.MainController - label num : 10
2018-06-17 10:08:07.661 [JavaFX Application Thread] INFO  com.clown.ui.main.MainController - labels num :10
2018-06-17 10:08:10.963 [JavaFX Application Thread] INFO  com.clown.ui.main.MainController - ReadingTab
2018-06-17 10:08:10.963 [JavaFX Application Thread] INFO  com.clown.ui.main.MainController - label num : 10
2018-06-17 10:08:10.963 [JavaFX Application Thread] INFO  com.clown.ui.main.MainController - labels num :10
2018-06-17 10:08:10.965 [JavaFX Application Thread] INFO  com.clown.ui.main.MainController - searchTab
2018-06-17 10:08:10.965 [JavaFX Application Thread] INFO  com.clown.ui.main.MainController - searchComboxBox refresh : 
2018-06-17 10:12:03.673 [main] INFO  com.clown.ui.main.Main - Library Assistant launched on 17-06-2018 10:12:03 上午
2018-06-17 10:12:03.696 [JavaFX Application Thread] INFO  com.clown.Utils.SqlUtil - 成功加载MySQL驱动
2018-06-17 10:12:03.951 [JavaFX Application Thread] INFO  com.clown.Utils.SqlUtil - 连接数据库成功
2018-06-17 10:12:07.782 [JavaFX Application Thread] INFO  com.clown.ui.login.LoginController - User successfully logged in clown
2018-06-17 10:12:07.882 [JavaFX Application Thread] INFO  com.clown.ui.main.MainController - searchTab
2018-06-17 10:12:07.883 [JavaFX Application Thread] INFO  com.clown.ui.main.MainController - searchComboxBox refresh : 
2018-06-17 10:12:07.909 [JavaFX Application Thread] INFO  com.clown.ui.main.MainController - uid is 1
2018-06-17 10:15:24.746 [main] INFO  com.clown.ui.main.Main - Library Assistant launched on 17-06-2018 10:15:24 上午
2018-06-17 10:15:24.783 [JavaFX Application Thread] INFO  com.clown.Utils.SqlUtil - 成功加载MySQL驱动
2018-06-17 10:15:25.038 [JavaFX Application Thread] INFO  com.clown.Utils.SqlUtil - 连接数据库成功
2018-06-17 10:15:28.967 [JavaFX Application Thread] INFO  com.clown.ui.login.LoginController - User successfully logged in clown
2018-06-17 10:15:29.082 [JavaFX Application Thread] INFO  com.clown.ui.main.MainController - searchTab
2018-06-17 10:15:29.082 [JavaFX Application Thread] INFO  com.clown.ui.main.MainController - searchComboxBox refresh : 
2018-06-17 10:15:29.106 [JavaFX Application Thread] INFO  com.clown.ui.main.MainController - uid is 1
2018-06-17 10:15:42.892 [main] INFO  com.clown.ui.main.Main - Library Assistant launched on 17-06-2018 10:15:42 上午
2018-06-17 10:15:42.916 [JavaFX Application Thread] INFO  com.clown.Utils.SqlUtil - 成功加载MySQL驱动
2018-06-17 10:15:43.162 [JavaFX Application Thread] INFO  com.clown.Utils.SqlUtil - 连接数据库成功
2018-06-17 10:15:50.829 [JavaFX Application Thread] INFO  com.clown.ui.login.LoginController - User successfully logged in admin
2018-06-17 10:15:50.926 [JavaFX Application Thread] INFO  com.clown.ui.main.MainController - searchTab
2018-06-17 10:15:50.926 [JavaFX Application Thread] INFO  com.clown.ui.main.MainController - searchComboxBox refresh : 
2018-06-17 10:15:50.944 [JavaFX Application Thread] INFO  com.clown.ui.main.MainController - uid is 1
2018-06-17 10:15:52.413 [Thread-7] INFO  com.clown.ui.main.Main - Library Assistant is closing on 17-06-2018 10:15:42 上午. Used for 1529201752413 ms
2018-06-17 10:15:54.513 [main] INFO  com.clown.ui.main.Main - Library Assistant launched on 17-06-2018 10:15:54 上午
2018-06-17 10:15:54.538 [JavaFX Application Thread] INFO  com.clown.Utils.SqlUtil - 成功加载MySQL驱动
2018-06-17 10:15:54.791 [JavaFX Application Thread] INFO  com.clown.Utils.SqlUtil - 连接数据库成功
2018-06-17 10:15:57.634 [JavaFX Application Thread] INFO  com.clown.ui.login.LoginController - User successfully logged in clown
2018-06-17 10:15:57.735 [JavaFX Application Thread] INFO  com.clown.ui.main.MainController - searchTab
2018-06-17 10:15:57.736 [JavaFX Application Thread] INFO  com.clown.ui.main.MainController - searchComboxBox refresh : 
2018-06-17 10:15:57.761 [JavaFX Application Thread] INFO  com.clown.ui.main.MainController - uid is 1
2018-06-17 10:15:59.501 [Thread-7] INFO  com.clown.ui.main.Main - Library Assistant is closing on 17-06-2018 10:15:54 上午. Used for 1529201759501 ms
2018-06-17 10:16:01.947 [main] INFO  com.clown.ui.main.Main - Library Assistant launched on 17-06-2018 10:16:01 上午
2018-06-17 10:16:01.973 [JavaFX Application Thread] INFO  com.clown.Utils.SqlUtil - 成功加载MySQL驱动
2018-06-17 10:16:02.240 [JavaFX Application Thread] INFO  com.clown.Utils.SqlUtil - 连接数据库成功
2018-06-17 10:16:09.231 [JavaFX Application Thread] INFO  com.clown.ui.login.LoginController - User successfully logged in lph
2018-06-17 10:16:09.330 [JavaFX Application Thread] INFO  com.clown.ui.main.MainController - searchTab
2018-06-17 10:16:09.330 [JavaFX Application Thread] INFO  com.clown.ui.main.MainController - searchComboxBox refresh : 
2018-06-17 10:16:09.349 [JavaFX Application Thread] INFO  com.clown.ui.main.MainController - uid is 1
2018-06-17 10:16:13.076 [Thread-7] INFO  com.clown.ui.main.Main - Library Assistant is closing on 17-06-2018 10:16:01 上午. Used for 1529201773076 ms
2018-06-17 10:16:25.292 [main] INFO  com.clown.ui.main.Main - Library Assistant launched on 17-06-2018 10:16:25 上午
2018-06-17 10:16:25.315 [JavaFX Application Thread] INFO  com.clown.Utils.SqlUtil - 成功加载MySQL驱动
2018-06-17 10:16:25.554 [JavaFX Application Thread] INFO  com.clown.Utils.SqlUtil - 连接数据库成功
2018-06-17 10:16:28.236 [JavaFX Application Thread] INFO  com.clown.ui.login.LoginController - User successfully logged in lph
2018-06-17 10:16:28.328 [JavaFX Application Thread] INFO  com.clown.ui.main.MainController - searchTab
2018-06-17 10:16:28.328 [JavaFX Application Thread] INFO  com.clown.ui.main.MainController - searchComboxBox refresh : 
2018-06-17 10:16:28.355 [JavaFX Application Thread] INFO  com.clown.ui.main.MainController - uid is 1
2018-06-17 10:17:35.636 [main] INFO  com.clown.ui.main.Main - Library Assistant launched on 17-06-2018 10:17:35 上午
2018-06-17 10:17:35.659 [JavaFX Application Thread] INFO  com.clown.Utils.SqlUtil - 成功加载MySQL驱动
2018-06-17 10:17:35.904 [JavaFX Application Thread] INFO  com.clown.Utils.SqlUtil - 连接数据库成功
2018-06-17 10:17:40.283 [JavaFX Application Thread] INFO  com.clown.ui.login.LoginController - User successfully logged in lph
2018-06-17 10:17:40.391 [JavaFX Application Thread] INFO  com.clown.ui.main.MainController - searchTab
2018-06-17 10:17:40.391 [JavaFX Application Thread] INFO  com.clown.ui.main.MainController - searchComboxBox refresh : 
2018-06-17 10:17:40.415 [JavaFX Application Thread] INFO  com.clown.ui.main.MainController - uid is 1
2018-06-17 10:18:26.446 [main] INFO  com.clown.ui.main.Main - Library Assistant launched on 17-06-2018 10:18:26 上午
2018-06-17 10:18:26.488 [JavaFX Application Thread] INFO  com.clown.Utils.SqlUtil - 成功加载MySQL驱动
2018-06-17 10:18:26.731 [JavaFX Application Thread] INFO  com.clown.Utils.SqlUtil - 连接数据库成功
2018-06-17 10:18:29.276 [JavaFX Application Thread] INFO  com.clown.ui.login.LoginController - User successfully logged in lph
2018-06-17 10:18:29.390 [JavaFX Application Thread] INFO  com.clown.ui.main.MainController - searchTab
2018-06-17 10:18:29.390 [JavaFX Application Thread] INFO  com.clown.ui.main.MainController - searchComboxBox refresh : 
2018-06-17 10:18:29.414 [JavaFX Application Thread] INFO  com.clown.ui.main.MainController - uid is 1
2018-06-17 10:19:20.072 [main] INFO  com.clown.ui.main.Main - Library Assistant launched on 17-06-2018 10:19:20 上午
2018-06-17 10:19:20.103 [JavaFX Application Thread] INFO  com.clown.Utils.SqlUtil - 成功加载MySQL驱动
2018-06-17 10:19:20.363 [JavaFX Application Thread] INFO  com.clown.Utils.SqlUtil - 连接数据库成功
2018-06-17 10:19:23.180 [JavaFX Application Thread] INFO  com.clown.ui.login.LoginController - User successfully logged in lph
2018-06-17 10:19:23.278 [JavaFX Application Thread] INFO  com.clown.ui.main.MainController - searchTab
2018-06-17 10:19:23.278 [JavaFX Application Thread] INFO  com.clown.ui.main.MainController - searchComboxBox refresh : 
2018-06-17 10:19:23.312 [JavaFX Application Thread] INFO  com.clown.ui.main.MainController - uid is 1
2018-06-17 10:20:05.239 [main] INFO  com.clown.ui.main.Main - Library Assistant launched on 17-06-2018 10:20:05 上午
2018-06-17 10:20:05.263 [JavaFX Application Thread] INFO  com.clown.Utils.SqlUtil - 成功加载MySQL驱动
2018-06-17 10:20:05.535 [JavaFX Application Thread] INFO  com.clown.Utils.SqlUtil - 连接数据库成功
2018-06-17 10:20:07.812 [JavaFX Application Thread] INFO  com.clown.ui.login.LoginController - User successfully logged in lph
2018-06-17 10:20:07.934 [JavaFX Application Thread] INFO  com.clown.ui.main.MainController - searchTab
2018-06-17 10:20:07.934 [JavaFX Application Thread] INFO  com.clown.ui.main.MainController - searchComboxBox refresh : 
2018-06-17 10:20:07.974 [JavaFX Application Thread] INFO  com.clown.ui.main.MainController - uid is 3
2018-06-17 10:20:09.966 [Thread-7] INFO  com.clown.ui.main.Main - Library Assistant is closing on 17-06-2018 10:20:05 上午. Used for 1529202009965 ms
2018-06-17 10:21:06.146 [main] INFO  com.clown.ui.main.Main - Library Assistant launched on 17-06-2018 10:21:06 上午
2018-06-17 10:21:06.171 [JavaFX Application Thread] INFO  com.clown.Utils.SqlUtil - 成功加载MySQL驱动
2018-06-17 10:21:06.425 [JavaFX Application Thread] INFO  com.clown.Utils.SqlUtil - 连接数据库成功
2018-06-17 10:21:08.694 [JavaFX Application Thread] INFO  com.clown.ui.login.LoginController - User successfully logged in lph
2018-06-17 10:21:08.816 [JavaFX Application Thread] INFO  com.clown.ui.main.MainController - searchTab
2018-06-17 10:21:08.816 [JavaFX Application Thread] INFO  com.clown.ui.main.MainController - searchComboxBox refresh : 
2018-06-17 10:21:08.863 [JavaFX Application Thread] INFO  com.clown.ui.main.MainController - uid is 3
2018-06-17 10:21:44.874 [main] INFO  com.clown.ui.main.Main - Library Assistant launched on 17-06-2018 10:21:44 上午
2018-06-17 10:21:44.896 [JavaFX Application Thread] INFO  com.clown.Utils.SqlUtil - 成功加载MySQL驱动
2018-06-17 10:21:45.150 [JavaFX Application Thread] INFO  com.clown.Utils.SqlUtil - 连接数据库成功
2018-06-17 10:21:54.282 [JavaFX Application Thread] INFO  com.clown.ui.login.LoginController - User successfully logged in clown
2018-06-17 10:21:54.389 [JavaFX Application Thread] INFO  com.clown.ui.main.MainController - searchTab
2018-06-17 10:21:54.390 [JavaFX Application Thread] INFO  com.clown.ui.main.MainController - searchComboxBox refresh : 
2018-06-17 10:21:54.407 [JavaFX Application Thread] INFO  com.clown.ui.main.MainController - uid is 2
2018-06-17 10:27:13.507 [main] INFO  com.clown.ui.main.Main - Library Assistant launched on 17-06-2018 10:27:13 上午
2018-06-17 10:27:13.542 [JavaFX Application Thread] INFO  com.clown.Utils.SqlUtil - 成功加载MySQL驱动
2018-06-17 10:27:13.795 [JavaFX Application Thread] INFO  com.clown.Utils.SqlUtil - 连接数据库成功
2018-06-17 10:27:16.670 [JavaFX Application Thread] INFO  com.clown.ui.login.LoginController - User successfully logged in clown
2018-06-17 10:27:16.786 [JavaFX Application Thread] INFO  com.clown.ui.main.MainController - searchTab
2018-06-17 10:27:16.786 [JavaFX Application Thread] INFO  com.clown.ui.main.MainController - searchComboxBox refresh : 
2018-06-17 10:27:16.807 [JavaFX Application Thread] INFO  com.clown.ui.main.MainController - uid is 2
2018-06-17 10:27:19.604 [JavaFX Application Thread] INFO  com.clown.ui.main.MainController - searchTab
2018-06-17 10:27:19.605 [JavaFX Application Thread] INFO  com.clown.ui.main.MainController - searchComboxBox refresh : 
2018-06-17 10:27:19.629 [JavaFX Application Thread] INFO  com.clown.ui.main.MainController - ReadingTabjavafx.event.Event[source=javafx.scene.control.Tab@3509e70f]
2018-06-17 10:27:19.634 [JavaFX Application Thread] INFO  com.clown.ui.main.MainController - label num : 10
2018-06-17 10:27:19.635 [JavaFX Application Thread] INFO  com.clown.ui.main.MainController - labels num :10
2018-06-17 10:27:27.285 [JavaFX Application Thread] INFO  com.clown.ui.main.MainController - ReadingTabjavafx.event.Event[source=javafx.scene.control.Tab@3509e70f]
2018-06-17 10:27:27.286 [JavaFX Application Thread] INFO  com.clown.ui.main.MainController - label num : 10
2018-06-17 10:27:27.286 [JavaFX Application Thread] INFO  com.clown.ui.main.MainController - labels num :10
2018-06-17 10:27:27.288 [JavaFX Application Thread] INFO  com.clown.ui.main.MainController - searchTab
2018-06-17 10:27:27.288 [JavaFX Application Thread] INFO  com.clown.ui.main.MainController - searchComboxBox refresh : 
2018-06-17 10:31:50.446 [main] INFO  com.clown.ui.main.Main - Library Assistant launched on 17-06-2018 10:31:50 上午
2018-06-17 10:31:50.468 [JavaFX Application Thread] INFO  com.clown.Utils.SqlUtil - 成功加载MySQL驱动
2018-06-17 10:31:50.727 [JavaFX Application Thread] INFO  com.clown.Utils.SqlUtil - 连接数据库成功
2018-06-17 10:31:55.072 [JavaFX Application Thread] INFO  com.clown.ui.login.LoginController - User successfully logged in clown
2018-06-17 10:31:55.197 [JavaFX Application Thread] INFO  com.clown.ui.main.MainController - searchTab
2018-06-17 10:31:55.198 [JavaFX Application Thread] INFO  com.clown.ui.main.MainController - searchComboxBox refresh : 
2018-06-17 10:31:55.223 [JavaFX Application Thread] INFO  com.clown.ui.main.MainController - uid is 2
2018-06-17 10:31:58.557 [JavaFX Application Thread] INFO  com.clown.ui.main.MainController - RecommendBook{Bid=StringProperty [value: 1887208], BName=StringProperty [value: 全职高手]}
2018-06-17 10:32:01.441 [JavaFX Application Thread] INFO  com.clown.ui.main.MainController - RecommendBook{Bid=StringProperty [value: 2048120], BName=StringProperty [value: 武动乾坤]}
2018-06-17 10:39:53.448 [main] INFO  com.clown.ui.main.Main - Library Assistant launched on 17-06-2018 10:39:53 上午
2018-06-17 10:39:53.481 [JavaFX Application Thread] INFO  com.clown.Utils.SqlUtil - 成功加载MySQL驱动
2018-06-17 10:39:53.733 [JavaFX Application Thread] INFO  com.clown.Utils.SqlUtil - 连接数据库成功
2018-06-17 10:39:56.329 [JavaFX Application Thread] INFO  com.clown.ui.login.LoginController - User successfully logged in clown
2018-06-17 10:39:56.468 [JavaFX Application Thread] INFO  com.clown.ui.main.MainController - searchTab
2018-06-17 10:39:56.468 [JavaFX Application Thread] INFO  com.clown.ui.main.MainController - searchComboxBox refresh : 
2018-06-17 10:39:56.509 [JavaFX Application Thread] INFO  com.clown.ui.main.MainController - uid is 2
2018-06-17 10:39:57.644 [JavaFX Application Thread] INFO  com.clown.ui.main.MainController - searchTab
2018-06-17 10:39:57.644 [JavaFX Application Thread] INFO  com.clown.ui.main.MainController - searchComboxBox refresh : 
2018-06-17 10:39:57.673 [JavaFX Application Thread] INFO  com.clown.ui.main.MainController - ReadingTabjavafx.event.Event[source=javafx.scene.control.Tab@54705871]
2018-06-17 10:41:56.126 [main] INFO  com.clown.ui.main.Main - Library Assistant launched on 17-06-2018 10:41:56 上午
2018-06-17 10:41:56.157 [JavaFX Application Thread] INFO  com.clown.Utils.SqlUtil - 成功加载MySQL驱动
2018-06-17 10:41:56.405 [JavaFX Application Thread] INFO  com.clown.Utils.SqlUtil - 连接数据库成功
2018-06-17 10:42:01.054 [JavaFX Application Thread] INFO  com.clown.ui.login.LoginController - User successfully logged in clown
2018-06-17 10:42:01.159 [JavaFX Application Thread] INFO  com.clown.ui.main.MainController - searchTab
2018-06-17 10:42:01.159 [JavaFX Application Thread] INFO  com.clown.ui.main.MainController - searchComboxBox refresh : 
2018-06-17 10:42:01.180 [JavaFX Application Thread] INFO  com.clown.ui.main.MainController - uid is 2
2018-06-17 10:42:02.286 [JavaFX Application Thread] INFO  com.clown.ui.main.MainController - searchTab
2018-06-17 10:42:02.286 [JavaFX Application Thread] INFO  com.clown.ui.main.MainController - searchComboxBox refresh : 
2018-06-17 10:42:02.316 [JavaFX Application Thread] INFO  com.clown.ui.main.MainController - ReadingTabjavafx.event.Event[source=javafx.scene.control.Tab@5111b300]
2018-06-17 10:42:24.702 [JavaFX Application Thread] INFO  com.clown.ui.main.MainController - ReadingTabjavafx.event.Event[source=javafx.scene.control.Tab@5111b300]
2018-06-17 10:42:24.704 [JavaFX Application Thread] INFO  com.clown.ui.main.MainController - searchTab
2018-06-17 10:42:24.705 [JavaFX Application Thread] INFO  com.clown.ui.main.MainController - searchComboxBox refresh : 
2018-06-17 10:42:27.092 [JavaFX Application Thread] INFO  com.clown.ui.main.MainController - searchTab
2018-06-17 10:42:27.092 [JavaFX Application Thread] INFO  com.clown.ui.main.MainController - searchComboxBox refresh : 
2018-06-17 10:42:27.118 [JavaFX Application Thread] INFO  com.clown.ui.main.MainController - ReadingTabjavafx.event.Event[source=javafx.scene.control.Tab@5111b300]
2018-06-17 10:42:27.858 [JavaFX Application Thread] INFO  com.clown.ui.main.MainController - 武动乾坤
2018-06-17 10:42:28.807 [JavaFX Application Thread] INFO  com.clown.ui.main.MainController - 全职高手
2018-06-17 10:42:29.567 [JavaFX Application Thread] INFO  com.clown.ui.main.MainController - 全职高手
2018-06-17 10:42:29.924 [JavaFX Application Thread] INFO  com.clown.ui.main.MainController - 仙逆
2018-06-17 10:42:47.689 [JavaFX Application Thread] INFO  com.clown.ui.main.MainController - ReadingTabjavafx.event.Event[source=javafx.scene.control.Tab@5111b300]
2018-06-17 10:42:47.690 [JavaFX Application Thread] INFO  com.clown.ui.main.MainController - EvaluationTab
2018-06-17 10:42:48.189 [JavaFX Application Thread] INFO  com.clown.ui.main.MainController - EvaluationTab
2018-06-17 10:42:48.189 [JavaFX Application Thread] INFO  com.clown.ui.main.MainController - ReadingTabjavafx.event.Event[source=javafx.scene.control.Tab@5111b300]
2018-06-17 10:42:48.476 [JavaFX Application Thread] INFO  com.clown.ui.main.MainController - ReadingTabjavafx.event.Event[source=javafx.scene.control.Tab@5111b300]
2018-06-17 10:42:48.478 [JavaFX Application Thread] INFO  com.clown.ui.main.MainController - searchTab
2018-06-17 10:42:48.478 [JavaFX Application Thread] INFO  com.clown.ui.main.MainController - searchComboxBox refresh : 
2018-06-17 10:42:56.066 [JavaFX Application Thread] INFO  com.clown.ui.main.MainController - searchTab
2018-06-17 10:42:56.066 [JavaFX Application Thread] INFO  com.clown.ui.main.MainController - searchComboxBox refresh : 
2018-06-17 10:42:56.084 [JavaFX Application Thread] INFO  com.clown.ui.main.MainController - ReadingTabjavafx.event.Event[source=javafx.scene.control.Tab@5111b300]
2018-06-17 10:45:09.930 [main] INFO  com.clown.ui.main.Main - Library Assistant launched on 17-06-2018 10:45:09 上午
2018-06-17 10:45:09.957 [JavaFX Application Thread] INFO  com.clown.Utils.SqlUtil - 成功加载MySQL驱动
2018-06-17 10:45:10.222 [JavaFX Application Thread] INFO  com.clown.Utils.SqlUtil - 连接数据库成功
2018-06-17 10:45:12.899 [JavaFX Application Thread] INFO  com.clown.ui.login.LoginController - User successfully logged in clown
2018-06-17 10:45:13.049 [JavaFX Application Thread] INFO  com.clown.ui.main.MainController - searchTab
2018-06-17 10:45:13.050 [JavaFX Application Thread] INFO  com.clown.ui.main.MainController - searchComboxBox refresh : 
2018-06-17 10:45:13.088 [JavaFX Application Thread] INFO  com.clown.ui.main.MainController - uid is 2
2018-06-17 10:45:14.093 [JavaFX Application Thread] INFO  com.clown.ui.main.MainController - searchTab
2018-06-17 10:45:14.093 [JavaFX Application Thread] INFO  com.clown.ui.main.MainController - searchComboxBox refresh : 
2018-06-17 10:45:14.125 [JavaFX Application Thread] INFO  com.clown.ui.main.MainController - ReadingTabjavafx.event.Event[source=javafx.scene.control.Tab@15ebf3d3]
2018-06-17 10:47:41.529 [main] INFO  com.clown.ui.main.Main - Library Assistant launched on 17-06-2018 10:47:41 上午
2018-06-17 10:47:41.553 [JavaFX Application Thread] INFO  com.clown.Utils.SqlUtil - 成功加载MySQL驱动
2018-06-17 10:47:41.808 [JavaFX Application Thread] INFO  com.clown.Utils.SqlUtil - 连接数据库成功
2018-06-17 10:47:43.969 [JavaFX Application Thread] INFO  com.clown.ui.login.LoginController - User successfully logged in clown
2018-06-17 10:47:44.080 [JavaFX Application Thread] INFO  com.clown.ui.main.MainController - searchTab
2018-06-17 10:47:44.080 [JavaFX Application Thread] INFO  com.clown.ui.main.MainController - searchComboxBox refresh : 
2018-06-17 10:47:44.112 [JavaFX Application Thread] INFO  com.clown.ui.main.MainController - uid is 2
2018-06-17 10:47:45.184 [JavaFX Application Thread] INFO  com.clown.ui.main.MainController - searchTab
2018-06-17 10:47:45.184 [JavaFX Application Thread] INFO  com.clown.ui.main.MainController - searchComboxBox refresh : 
2018-06-17 10:47:45.213 [JavaFX Application Thread] INFO  com.clown.ui.main.MainController - ReadingTabjavafx.event.Event[source=javafx.scene.control.Tab@21c34da8]
2018-06-17 10:47:48.213 [JavaFX Application Thread] INFO  com.clown.ui.main.MainController - ReadingTabjavafx.event.Event[source=javafx.scene.control.Tab@21c34da8]
2018-06-17 10:47:48.215 [JavaFX Application Thread] INFO  com.clown.ui.main.MainController - searchTab
2018-06-17 10:47:48.215 [JavaFX Application Thread] INFO  com.clown.ui.main.MainController - searchComboxBox refresh : 
2018-06-17 10:47:50.143 [JavaFX Application Thread] INFO  com.clown.ui.main.MainController - RecommendBook{Bid=StringProperty [value: 2517792], BName=StringProperty [value: 斗罗大陆II绝世唐门]}
2018-06-17 10:47:52.823 [JavaFX Application Thread] INFO  com.clown.ui.main.MainController - searchTab
2018-06-17 10:47:52.823 [JavaFX Application Thread] INFO  com.clown.ui.main.MainController - searchComboxBox refresh : 
2018-06-17 10:47:52.840 [JavaFX Application Thread] INFO  com.clown.ui.main.MainController - ReadingTabjavafx.event.Event[source=javafx.scene.control.Tab@21c34da8]
2018-06-17 10:47:55.395 [JavaFX Application Thread] INFO  com.clown.ui.main.MainController - ReadingTabjavafx.event.Event[source=javafx.scene.control.Tab@21c34da8]
2018-06-17 10:47:55.396 [JavaFX Application Thread] INFO  com.clown.ui.main.MainController - searchTab
2018-06-17 10:47:55.397 [JavaFX Application Thread] INFO  com.clown.ui.main.MainController - searchComboxBox refresh : 
2018-06-17 10:47:57.149 [JavaFX Application Thread] INFO  com.clown.ui.main.MainController - RecommendBook{Bid=StringProperty [value: 3022294], BName=StringProperty [value: 魔天记]}
2018-06-17 10:48:01.111 [JavaFX Application Thread] INFO  com.clown.ui.main.MainController - RecommendBook{Bid=StringProperty [value: 1952707], BName=StringProperty [value: 傲世九重天]}
2018-06-17 10:48:02.612 [JavaFX Application Thread] INFO  com.clown.ui.main.MainController - searchTab
2018-06-17 10:48:02.612 [JavaFX Application Thread] INFO  com.clown.ui.main.MainController - searchComboxBox refresh : 
2018-06-17 10:48:02.636 [JavaFX Application Thread] INFO  com.clown.ui.main.MainController - ReadingTabjavafx.event.Event[source=javafx.scene.control.Tab@21c34da8]
2018-06-17 10:48:14.057 [JavaFX Application Thread] INFO  com.clown.ui.main.MainController - ReadingTabjavafx.event.Event[source=javafx.scene.control.Tab@21c34da8]
2018-06-17 10:48:14.058 [JavaFX Application Thread] INFO  com.clown.ui.main.MainController - searchTab
2018-06-17 10:48:14.059 [JavaFX Application Thread] INFO  com.clown.ui.main.MainController - searchComboxBox refresh : 
2018-06-17 10:48:14.509 [JavaFX Application Thread] INFO  com.clown.ui.main.MainController - searchTab
2018-06-17 10:48:14.509 [JavaFX Application Thread] INFO  com.clown.ui.main.MainController - searchComboxBox refresh : 
2018-06-17 10:48:14.536 [JavaFX Application Thread] INFO  com.clown.ui.main.MainController - ReadingTabjavafx.event.Event[source=javafx.scene.control.Tab@21c34da8]
2018-06-17 10:48:20.921 [JavaFX Application Thread] INFO  com.clown.ui.main.MainController - ReadingTabjavafx.event.Event[source=javafx.scene.control.Tab@21c34da8]
2018-06-17 10:48:20.923 [JavaFX Application Thread] INFO  com.clown.ui.main.MainController - searchTab
2018-06-17 10:48:20.923 [JavaFX Application Thread] INFO  com.clown.ui.main.MainController - searchComboxBox refresh : 
2018-06-17 10:48:21.406 [JavaFX Application Thread] INFO  com.clown.ui.main.MainController - searchTab
2018-06-17 10:48:21.406 [JavaFX Application Thread] INFO  com.clown.ui.main.MainController - searchComboxBox refresh : 
2018-06-17 10:48:21.430 [JavaFX Application Thread] INFO  com.clown.ui.main.MainController - ReadingTabjavafx.event.Event[source=javafx.scene.control.Tab@21c34da8]
2018-06-17 10:48:26.272 [JavaFX Application Thread] INFO  com.clown.ui.main.MainController - ReadingTabjavafx.event.Event[source=javafx.scene.control.Tab@21c34da8]
2018-06-17 10:48:26.273 [JavaFX Application Thread] INFO  com.clown.ui.main.MainController - searchTab
2018-06-17 10:48:26.273 [JavaFX Application Thread] INFO  com.clown.ui.main.MainController - searchComboxBox refresh : 
2018-06-17 10:48:26.824 [JavaFX Application Thread] INFO  com.clown.ui.main.MainController - searchTab
2018-06-17 10:48:26.824 [JavaFX Application Thread] INFO  com.clown.ui.main.MainController - searchComboxBox refresh : 
2018-06-17 10:48:26.847 [JavaFX Application Thread] INFO  com.clown.ui.main.MainController - ReadingTabjavafx.event.Event[source=javafx.scene.control.Tab@21c34da8]
2018-06-17 10:48:29.812 [JavaFX Application Thread] INFO  com.clown.ui.main.MainController - ReadingTabjavafx.event.Event[source=javafx.scene.control.Tab@21c34da8]
2018-06-17 10:48:29.814 [JavaFX Application Thread] INFO  com.clown.ui.main.MainController - searchTab
2018-06-17 10:48:29.815 [JavaFX Application Thread] INFO  com.clown.ui.main.MainController - searchComboxBox refresh : 
2018-06-17 10:48:30.471 [JavaFX Application Thread] INFO  com.clown.ui.main.MainController - searchTab
2018-06-17 10:48:30.472 [JavaFX Application Thread] INFO  com.clown.ui.main.MainController - searchComboxBox refresh : 
2018-06-17 10:48:30.497 [JavaFX Application Thread] INFO  com.clown.ui.main.MainController - ReadingTabjavafx.event.Event[source=javafx.scene.control.Tab@21c34da8]
2018-06-17 10:48:41.721 [JavaFX Application Thread] INFO  com.clown.ui.main.MainController - ReadingTabjavafx.event.Event[source=javafx.scene.control.Tab@21c34da8]
2018-06-17 10:48:41.723 [JavaFX Application Thread] INFO  com.clown.ui.main.MainController - searchTab
2018-06-17 10:48:41.723 [JavaFX Application Thread] INFO  com.clown.ui.main.MainController - searchComboxBox refresh : 
2018-06-17 10:48:44.813 [JavaFX Application Thread] INFO  com.clown.ui.main.MainController - RecommendBook{Bid=StringProperty [value: 3206900], BName=StringProperty [value: 天醒之路]}
2018-06-17 10:48:47.658 [JavaFX Application Thread] INFO  com.clown.ui.main.MainController - searchTab
2018-06-17 10:48:47.659 [JavaFX Application Thread] INFO  com.clown.ui.main.MainController - searchComboxBox refresh : 
2018-06-17 10:48:47.681 [JavaFX Application Thread] INFO  com.clown.ui.main.MainController - ReadingTabjavafx.event.Event[source=javafx.scene.control.Tab@21c34da8]
2018-06-17 10:48:50.939 [JavaFX Application Thread] INFO  com.clown.ui.main.MainController - 天醒之路
2018-06-17 10:49:13.430 [JavaFX Application Thread] INFO  com.clown.ui.main.MainController - ReadingTabjavafx.event.Event[source=javafx.scene.control.Tab@21c34da8]
2018-06-17 10:49:13.431 [JavaFX Application Thread] INFO  com.clown.ui.main.MainController - searchTab
2018-06-17 10:49:13.431 [JavaFX Application Thread] INFO  com.clown.ui.main.MainController - searchComboxBox refresh : 
2018-06-17 11:03:00.617 [JavaFX Application Thread] INFO  com.clown.ui.main.MainController - searchTab
2018-06-17 11:03:00.617 [JavaFX Application Thread] INFO  com.clown.ui.main.MainController - searchComboxBox refresh : 
2018-06-17 11:03:00.644 [JavaFX Application Thread] INFO  com.clown.ui.main.MainController - ReadingTabjavafx.event.Event[source=javafx.scene.control.Tab@21c34da8]
2018-06-17 11:03:01.792 [JavaFX Application Thread] INFO  com.clown.ui.main.MainController - 武动乾坤
2018-06-17 16:12:46.078 [main] INFO  com.clown.ui.main.Main - Library Assistant launched on 17-06-2018 04:12:46 下午
2018-06-17 16:12:46.153 [JavaFX Application Thread] INFO  com.clown.Utils.SqlUtil - 成功加载MySQL驱动
2018-06-17 16:12:46.499 [JavaFX Application Thread] INFO  com.clown.Utils.SqlUtil - 连接数据库成功
2018-06-17 16:12:51.120 [JavaFX Application Thread] INFO  com.clown.ui.login.LoginController - User successfully logged in clown
2018-06-17 16:12:51.296 [JavaFX Application Thread] INFO  com.clown.ui.main.MainController - searchTab
2018-06-17 16:12:51.296 [JavaFX Application Thread] INFO  com.clown.ui.main.MainController - searchComboxBox refresh : 
2018-06-17 16:12:51.334 [JavaFX Application Thread] INFO  com.clown.ui.main.MainController - uid is 2
2018-06-17 16:12:52.765 [JavaFX Application Thread] INFO  com.clown.ui.main.MainController - searchTab
2018-06-17 16:12:52.765 [JavaFX Application Thread] INFO  com.clown.ui.main.MainController - searchComboxBox refresh : 
2018-06-17 16:12:52.793 [JavaFX Application Thread] INFO  com.clown.ui.main.MainController - ReadingTabjavafx.event.Event[source=javafx.scene.control.Tab@1611ff23]
2018-06-17 16:12:53.622 [JavaFX Application Thread] INFO  com.clown.ui.main.MainController - 天醒之路
2018-06-17 16:12:55.145 [JavaFX Application Thread] INFO  com.clown.ui.main.MainController - 斗罗大陆II绝世唐门
2018-06-17 16:26:14.938 [main] INFO  com.clown.ui.main.Main - Library Assistant launched on 17-06-2018 04:26:14 下午
2018-06-17 16:26:15.013 [JavaFX Application Thread] INFO  com.clown.Utils.SqlUtil - 成功加载MySQL驱动
2018-06-17 16:26:15.386 [JavaFX Application Thread] INFO  com.clown.Utils.SqlUtil - 连接数据库成功
2018-06-17 16:26:19.319 [JavaFX Application Thread] INFO  com.clown.ui.login.LoginController - User successfully logged in clown
2018-06-17 16:26:19.507 [JavaFX Application Thread] INFO  com.clown.ui.main.MainController - searchTab
2018-06-17 16:26:19.507 [JavaFX Application Thread] INFO  com.clown.ui.main.MainController - searchComboxBox refresh : 
2018-06-17 16:26:19.560 [JavaFX Application Thread] INFO  com.clown.ui.main.MainController - uid is 2
2018-06-17 16:26:20.872 [JavaFX Application Thread] INFO  com.clown.ui.main.MainController - searchTab
2018-06-17 16:26:20.873 [JavaFX Application Thread] INFO  com.clown.ui.main.MainController - searchComboxBox refresh : 
2018-06-17 16:26:20.905 [JavaFX Application Thread] INFO  com.clown.ui.main.MainController - ReadingTabjavafx.event.Event[source=javafx.scene.control.Tab@21bb383d]
2018-06-17 16:26:22.444 [JavaFX Application Thread] INFO  com.clown.ui.main.MainController - 斗罗大陆II绝世唐门
2018-06-17 16:30:15.115 [main] INFO  com.clown.ui.main.Main - Library Assistant launched on 17-06-2018 04:30:15 下午
2018-06-17 16:30:15.144 [JavaFX Application Thread] INFO  com.clown.Utils.SqlUtil - 成功加载MySQL驱动
2018-06-17 16:30:15.471 [JavaFX Application Thread] INFO  com.clown.Utils.SqlUtil - 连接数据库成功
2018-06-17 16:30:18.162 [JavaFX Application Thread] INFO  com.clown.ui.login.LoginController - User successfully logged in clown
2018-06-17 16:30:18.299 [JavaFX Application Thread] INFO  com.clown.ui.main.MainController - searchTab
2018-06-17 16:30:18.299 [JavaFX Application Thread] INFO  com.clown.ui.main.MainController - searchComboxBox refresh : 
2018-06-17 16:30:18.333 [JavaFX Application Thread] INFO  com.clown.ui.main.MainController - uid is 2
2018-06-17 16:30:19.540 [JavaFX Application Thread] INFO  com.clown.ui.main.MainController - searchTab
2018-06-17 16:30:19.540 [JavaFX Application Thread] INFO  com.clown.ui.main.MainController - searchComboxBox refresh : 
2018-06-17 16:30:19.573 [JavaFX Application Thread] INFO  com.clown.ui.main.MainController - ReadingTabjavafx.event.Event[source=javafx.scene.control.Tab@15ebf3d3]
2018-06-17 16:30:20.422 [JavaFX Application Thread] INFO  com.clown.ui.main.MainController - 傲世九重天
2018-06-17 16:30:35.434 [main] INFO  com.clown.ui.main.Main - Library Assistant launched on 17-06-2018 04:30:35 下午
2018-06-17 16:30:35.461 [JavaFX Application Thread] INFO  com.clown.Utils.SqlUtil - 成功加载MySQL驱动
2018-06-17 16:30:35.773 [JavaFX Application Thread] INFO  com.clown.Utils.SqlUtil - 连接数据库成功
2018-06-17 16:31:00.100 [Thread-6] INFO  com.clown.ui.main.Main - Library Assistant is closing on 17-06-2018 04:30:35 下午. Used for 1529224260099 ms
2018-06-17 16:31:41.896 [main] INFO  com.clown.ui.main.Main - Library Assistant launched on 17-06-2018 04:31:41 下午
2018-06-17 16:31:41.925 [JavaFX Application Thread] INFO  com.clown.Utils.SqlUtil - 成功加载MySQL驱动
2018-06-17 16:31:42.237 [JavaFX Application Thread] INFO  com.clown.Utils.SqlUtil - 连接数据库成功
2018-06-17 16:31:44.866 [JavaFX Application Thread] INFO  com.clown.ui.login.LoginController - User successfully logged in clown
2018-06-17 16:31:45.004 [JavaFX Application Thread] INFO  com.clown.ui.main.MainController - searchTab
2018-06-17 16:31:45.005 [JavaFX Application Thread] INFO  com.clown.ui.main.MainController - searchComboxBox refresh : 
2018-06-17 16:31:45.029 [JavaFX Application Thread] INFO  com.clown.ui.main.MainController - uid is 2
2018-06-17 16:31:46.160 [JavaFX Application Thread] INFO  com.clown.ui.main.MainController - searchTab
2018-06-17 16:31:46.160 [JavaFX Application Thread] INFO  com.clown.ui.main.MainController - searchComboxBox refresh : 
2018-06-17 16:31:46.191 [JavaFX Application Thread] INFO  com.clown.ui.main.MainController - ReadingTabjavafx.event.Event[source=javafx.scene.control.Tab@15ebf3d3]
2018-06-17 16:31:46.939 [JavaFX Application Thread] INFO  com.clown.ui.main.MainController - 傲世九重天
2018-06-17 16:33:13.691 [main] INFO  com.clown.ui.main.Main - Library Assistant launched on 17-06-2018 04:33:13 下午
2018-06-17 16:33:13.722 [JavaFX Application Thread] INFO  com.clown.Utils.SqlUtil - 成功加载MySQL驱动
2018-06-17 16:33:13.996 [JavaFX Application Thread] INFO  com.clown.Utils.SqlUtil - 连接数据库成功
2018-06-17 16:33:18.229 [JavaFX Application Thread] INFO  com.clown.ui.login.LoginController - User successfully logged in clown
2018-06-17 16:33:18.354 [JavaFX Application Thread] INFO  com.clown.ui.main.MainController - searchTab
2018-06-17 16:33:18.354 [JavaFX Application Thread] INFO  com.clown.ui.main.MainController - searchComboxBox refresh : 
2018-06-17 16:33:18.385 [JavaFX Application Thread] INFO  com.clown.ui.main.MainController - uid is 2
2018-06-17 16:33:19.404 [JavaFX Application Thread] INFO  com.clown.ui.main.MainController - searchTab
2018-06-17 16:33:19.404 [JavaFX Application Thread] INFO  com.clown.ui.main.MainController - searchComboxBox refresh : 
2018-06-17 16:33:19.438 [JavaFX Application Thread] INFO  com.clown.ui.main.MainController - ReadingTabjavafx.event.Event[source=javafx.scene.control.Tab@3473fb5]
2018-06-17 16:33:20.090 [JavaFX Application Thread] INFO  com.clown.ui.main.MainController - 傲世九重天
2018-06-17 16:36:15.046 [main] INFO  com.clown.ui.main.Main - Library Assistant launched on 17-06-2018 04:36:15 下午
2018-06-17 16:36:15.069 [JavaFX Application Thread] INFO  com.clown.Utils.SqlUtil - 成功加载MySQL驱动
2018-06-17 16:36:15.353 [JavaFX Application Thread] INFO  com.clown.Utils.SqlUtil - 连接数据库成功
2018-06-17 16:36:19.157 [JavaFX Application Thread] INFO  com.clown.ui.login.LoginController - User successfully logged in clown
2018-06-17 16:36:19.292 [JavaFX Application Thread] INFO  com.clown.ui.main.MainController - searchTab
2018-06-17 16:36:19.292 [JavaFX Application Thread] INFO  com.clown.ui.main.MainController - searchComboxBox refresh : 
2018-06-17 16:36:19.322 [JavaFX Application Thread] INFO  com.clown.ui.main.MainController - uid is 2
2018-06-17 16:36:20.327 [JavaFX Application Thread] INFO  com.clown.ui.main.MainController - searchTab
2018-06-17 16:36:20.328 [JavaFX Application Thread] INFO  com.clown.ui.main.MainController - searchComboxBox refresh : 
2018-06-17 16:36:20.362 [JavaFX Application Thread] INFO  com.clown.ui.main.MainController - ReadingTabjavafx.event.Event[source=javafx.scene.control.Tab@5c188280]
2018-06-17 16:36:21.361 [JavaFX Application Thread] INFO  com.clown.ui.main.MainController - 全职高手
2018-06-17 16:45:33.264 [main] INFO  com.clown.ui.main.Main - Library Assistant launched on 17-06-2018 04:45:33 下午
2018-06-17 16:45:33.306 [JavaFX Application Thread] INFO  com.clown.Utils.SqlUtil - 成功加载MySQL驱动
2018-06-17 16:45:33.588 [JavaFX Application Thread] INFO  com.clown.Utils.SqlUtil - 连接数据库成功
2018-06-17 16:45:38.094 [JavaFX Application Thread] INFO  com.clown.ui.login.LoginController - User successfully logged in clown
2018-06-17 16:45:38.217 [JavaFX Application Thread] INFO  com.clown.ui.main.MainController - searchTab
2018-06-17 16:45:38.217 [JavaFX Application Thread] INFO  com.clown.ui.main.MainController - searchComboxBox refresh : 
2018-06-17 16:45:38.248 [JavaFX Application Thread] INFO  com.clown.ui.main.MainController - uid is 2
2018-06-17 16:45:39.408 [JavaFX Application Thread] INFO  com.clown.ui.main.MainController - searchTab
2018-06-17 16:45:39.408 [JavaFX Application Thread] INFO  com.clown.ui.main.MainController - searchComboxBox refresh : 
2018-06-17 16:45:39.478 [JavaFX Application Thread] INFO  com.clown.ui.main.MainController - ReadingTabjavafx.event.Event[source=javafx.scene.control.Tab@34df3f9f]
2018-06-17 16:45:41.361 [JavaFX Application Thread] INFO  com.clown.ui.main.MainController - 仙逆
2018-06-17 16:46:33.315 [main] INFO  com.clown.ui.main.Main - Library Assistant launched on 17-06-2018 04:46:33 下午
2018-06-17 16:46:33.341 [JavaFX Application Thread] INFO  com.clown.Utils.SqlUtil - 成功加载MySQL驱动
2018-06-17 16:46:33.610 [JavaFX Application Thread] INFO  com.clown.Utils.SqlUtil - 连接数据库成功
2018-06-17 16:46:40.444 [JavaFX Application Thread] INFO  com.clown.ui.login.LoginController - User successfully logged in clown
2018-06-17 16:46:40.555 [JavaFX Application Thread] INFO  com.clown.ui.main.MainController - searchTab
2018-06-17 16:46:40.555 [JavaFX Application Thread] INFO  com.clown.ui.main.MainController - searchComboxBox refresh : 
2018-06-17 16:46:40.579 [JavaFX Application Thread] INFO  com.clown.ui.main.MainController - uid is 2
2018-06-17 16:46:42.279 [JavaFX Application Thread] INFO  com.clown.ui.main.MainController - searchTab
2018-06-17 16:46:42.279 [JavaFX Application Thread] INFO  com.clown.ui.main.MainController - searchComboxBox refresh : 
2018-06-17 16:46:42.309 [JavaFX Application Thread] INFO  com.clown.ui.main.MainController - ReadingTabjavafx.event.Event[source=javafx.scene.control.Tab@404245c7]
2018-06-17 16:46:43.923 [JavaFX Application Thread] INFO  com.clown.ui.main.MainController - 全职高手
2018-06-17 16:57:28.024 [JavaFX Application Thread] INFO  com.clown.ui.main.MainController - ReadingTabjavafx.event.Event[source=javafx.scene.control.Tab@404245c7]
2018-06-17 16:57:28.027 [JavaFX Application Thread] INFO  com.clown.ui.main.MainController - searchTab
2018-06-17 16:57:28.027 [JavaFX Application Thread] INFO  com.clown.ui.main.MainController - searchComboxBox refresh : 
2018-06-17 16:57:28.385 [JavaFX Application Thread] INFO  com.clown.ui.main.MainController - searchTab
2018-06-17 16:57:28.385 [JavaFX Application Thread] INFO  com.clown.ui.main.MainController - searchComboxBox refresh : 
2018-06-17 16:57:28.401 [JavaFX Application Thread] INFO  com.clown.ui.main.MainController - ReadingTabjavafx.event.Event[source=javafx.scene.control.Tab@404245c7]
2018-06-17 16:57:29.374 [JavaFX Application Thread] INFO  com.clown.ui.main.MainController - ReadingTabjavafx.event.Event[source=javafx.scene.control.Tab@404245c7]
2018-06-17 16:57:29.376 [JavaFX Application Thread] INFO  com.clown.ui.main.MainController - searchTab
2018-06-17 16:57:29.376 [JavaFX Application Thread] INFO  com.clown.ui.main.MainController - searchComboxBox refresh : 
2018-06-17 16:57:29.701 [JavaFX Application Thread] INFO  com.clown.ui.main.MainController - searchTab
2018-06-17 16:57:29.701 [JavaFX Application Thread] INFO  com.clown.ui.main.MainController - searchComboxBox refresh : 
2018-06-17 16:57:29.725 [JavaFX Application Thread] INFO  com.clown.ui.main.MainController - ReadingTabjavafx.event.Event[source=javafx.scene.control.Tab@404245c7]
2018-06-17 17:06:02.214 [main] INFO  com.clown.ui.main.Main - Library Assistant launched on 17-06-2018 05:06:02 下午
2018-06-17 17:06:02.255 [JavaFX Application Thread] INFO  com.clown.Utils.SqlUtil - 成功加载MySQL驱动
2018-06-17 17:06:02.567 [JavaFX Application Thread] INFO  com.clown.Utils.SqlUtil - 连接数据库成功
2018-06-17 17:06:05.013 [JavaFX Application Thread] INFO  com.clown.ui.login.LoginController - User successfully logged in clown
2018-06-17 17:06:05.161 [JavaFX Application Thread] INFO  com.clown.ui.main.MainController - searchTab
2018-06-17 17:06:05.161 [JavaFX Application Thread] INFO  com.clown.ui.main.MainController - searchComboxBox refresh : 
2018-06-17 17:06:05.201 [JavaFX Application Thread] INFO  com.clown.ui.main.MainController - uid is 2
2018-06-17 17:06:06.552 [JavaFX Application Thread] INFO  com.clown.ui.main.MainController - searchTab
2018-06-17 17:06:06.552 [JavaFX Application Thread] INFO  com.clown.ui.main.MainController - searchComboxBox refresh : 
2018-06-17 17:06:06.586 [JavaFX Application Thread] INFO  com.clown.ui.main.MainController - ReadingTabjavafx.event.Event[source=javafx.scene.control.Tab@3f3326e7]
2018-06-17 17:06:08.233 [JavaFX Application Thread] INFO  com.clown.ui.main.MainController - 傲世九重天
2018-06-17 17:06:19.319 [JavaFX Application Thread] INFO  com.clown.ui.main.MainController - ReadingTabjavafx.event.Event[source=javafx.scene.control.Tab@3f3326e7]
2018-06-17 17:06:19.321 [JavaFX Application Thread] INFO  com.clown.ui.main.MainController - searchTab
2018-06-17 17:06:19.321 [JavaFX Application Thread] INFO  com.clown.ui.main.MainController - searchComboxBox refresh : 
2018-06-17 17:06:19.799 [JavaFX Application Thread] INFO  com.clown.ui.main.MainController - searchTab
2018-06-17 17:06:19.799 [JavaFX Application Thread] INFO  com.clown.ui.main.MainController - searchComboxBox refresh : 
2018-06-17 17:06:19.825 [JavaFX Application Thread] INFO  com.clown.ui.main.MainController - ReadingTabjavafx.event.Event[source=javafx.scene.control.Tab@3f3326e7]
2018-06-17 17:06:27.348 [JavaFX Application Thread] INFO  com.clown.ui.main.MainController - ReadingTabjavafx.event.Event[source=javafx.scene.control.Tab@3f3326e7]
2018-06-17 17:06:27.350 [JavaFX Application Thread] INFO  com.clown.ui.main.MainController - EvaluationTab
2018-06-17 17:06:28.996 [JavaFX Application Thread] INFO  com.clown.ui.main.MainController - EvaluationTab
2018-06-17 17:06:28.996 [JavaFX Application Thread] INFO  com.clown.ui.main.MainController - ReadingTabjavafx.event.Event[source=javafx.scene.control.Tab@3f3326e7]
2018-06-17 17:06:29.309 [JavaFX Application Thread] INFO  com.clown.ui.main.MainController - ReadingTabjavafx.event.Event[source=javafx.scene.control.Tab@3f3326e7]
2018-06-17 17:06:29.311 [JavaFX Application Thread] INFO  com.clown.ui.main.MainController - searchTab
2018-06-17 17:06:29.311 [JavaFX Application Thread] INFO  com.clown.ui.main.MainController - searchComboxBox refresh : 
2018-06-17 17:06:30.156 [JavaFX Application Thread] INFO  com.clown.ui.main.MainController - searchTab
2018-06-17 17:06:30.156 [JavaFX Application Thread] INFO  com.clown.ui.main.MainController - searchComboxBox refresh : 
2018-06-17 17:06:30.176 [JavaFX Application Thread] INFO  com.clown.ui.main.MainController - EvaluationTab
2018-06-17 17:06:30.777 [JavaFX Application Thread] INFO  com.clown.ui.main.MainController - EvaluationTab
2018-06-17 17:06:30.777 [JavaFX Application Thread] INFO  com.clown.ui.main.MainController - ReadingTabjavafx.event.Event[source=javafx.scene.control.Tab@3f3326e7]
2018-06-17 17:06:32.097 [JavaFX Application Thread] INFO  com.clown.ui.main.MainController - 全职高手
2018-06-17 17:06:37.178 [JavaFX Application Thread] INFO  com.clown.ui.main.MainController - ReadingTabjavafx.event.Event[source=javafx.scene.control.Tab@3f3326e7]
2018-06-17 17:06:37.179 [JavaFX Application Thread] INFO  com.clown.ui.main.MainController - searchTab
2018-06-17 17:06:37.179 [JavaFX Application Thread] INFO  com.clown.ui.main.MainController - searchComboxBox refresh : 
2018-06-17 17:06:37.481 [JavaFX Application Thread] INFO  com.clown.ui.main.MainController - searchTab
2018-06-17 17:06:37.481 [JavaFX Application Thread] INFO  com.clown.ui.main.MainController - searchComboxBox refresh : 
2018-06-17 17:06:37.508 [JavaFX Application Thread] INFO  com.clown.ui.main.MainController - ReadingTabjavafx.event.Event[source=javafx.scene.control.Tab@3f3326e7]
2018-06-17 17:13:43.229 [main] INFO  com.clown.ui.main.Main - Library Assistant launched on 17-06-2018 05:13:43 下午
2018-06-17 17:13:43.264 [JavaFX Application Thread] INFO  com.clown.Utils.SqlUtil - 成功加载MySQL驱动
2018-06-17 17:13:43.515 [JavaFX Application Thread] INFO  com.clown.Utils.SqlUtil - 连接数据库成功
2018-06-17 17:13:45.761 [JavaFX Application Thread] INFO  com.clown.ui.login.LoginController - User successfully logged in clown
2018-06-17 17:13:45.917 [JavaFX Application Thread] INFO  com.clown.ui.main.MainController - searchTab
2018-06-17 17:13:45.917 [JavaFX Application Thread] INFO  com.clown.ui.main.MainController - searchComboxBox refresh : 
2018-06-17 17:13:45.973 [JavaFX Application Thread] INFO  com.clown.ui.main.MainController - uid is 2
2018-06-17 17:13:47.524 [JavaFX Application Thread] INFO  com.clown.ui.main.MainController - searchTab
2018-06-17 17:13:47.525 [JavaFX Application Thread] INFO  com.clown.ui.main.MainController - searchComboxBox refresh : 
2018-06-17 17:13:47.554 [JavaFX Application Thread] INFO  com.clown.ui.main.MainController - ReadingTabjavafx.event.Event[source=javafx.scene.control.Tab@17fdbf0f]
2018-06-17 17:13:48.676 [JavaFX Application Thread] INFO  com.clown.ui.main.MainController - ReadingTabjavafx.event.Event[source=javafx.scene.control.Tab@17fdbf0f]
2018-06-17 17:13:48.678 [JavaFX Application Thread] INFO  com.clown.ui.main.MainController - EvaluationTab
2018-06-17 17:13:50.489 [JavaFX Application Thread] INFO  com.clown.ui.main.MainController - 傲世九重天
2018-06-17 17:13:53.327 [JavaFX Application Thread] INFO  com.clown.ui.main.MainController - EvaluationTab
2018-06-17 17:13:53.328 [JavaFX Application Thread] INFO  com.clown.ui.main.MainController - ReadingTabjavafx.event.Event[source=javafx.scene.control.Tab@17fdbf0f]
2018-06-17 17:13:53.910 [JavaFX Application Thread] INFO  com.clown.ui.main.MainController - 斗罗大陆II绝世唐门
2018-06-17 17:13:55.726 [JavaFX Application Thread] INFO  com.clown.ui.main.MainController - ReadingTabjavafx.event.Event[source=javafx.scene.control.Tab@17fdbf0f]
2018-06-17 17:13:55.728 [JavaFX Application Thread] INFO  com.clown.ui.main.MainController - EvaluationTab
2018-06-17 17:13:57.256 [JavaFX Application Thread] INFO  com.clown.ui.main.MainController - 全职高手
2018-06-17 17:14:06.012 [JavaFX Application Thread] INFO  com.clown.ui.main.MainController - 全职高手
2018-06-17 17:14:07.662 [JavaFX Application Thread] INFO  com.clown.ui.main.MainController - 傲世九重天
2018-06-17 17:14:09.440 [JavaFX Application Thread] INFO  com.clown.ui.main.MainController - EvaluationTab
2018-06-17 17:14:09.441 [JavaFX Application Thread] INFO  com.clown.ui.main.MainController - ReadingTabjavafx.event.Event[source=javafx.scene.control.Tab@17fdbf0f]
2018-06-17 17:14:10.703 [JavaFX Application Thread] INFO  com.clown.ui.main.MainController - ReadingTabjavafx.event.Event[source=javafx.scene.control.Tab@17fdbf0f]
2018-06-17 17:14:10.705 [JavaFX Application Thread] INFO  com.clown.ui.main.MainController - searchTab
2018-06-17 17:14:10.705 [JavaFX Application Thread] INFO  com.clown.ui.main.MainController - searchComboxBox refresh : 
2018-06-17 17:14:11.555 [JavaFX Application Thread] INFO  com.clown.ui.main.MainController - searchTab
2018-06-17 17:14:11.555 [JavaFX Application Thread] INFO  com.clown.ui.main.MainController - searchComboxBox refresh : 
2018-06-17 17:14:11.583 [JavaFX Application Thread] INFO  com.clown.ui.main.MainController - EvaluationTab
2018-06-17 17:14:12.605 [JavaFX Application Thread] INFO  com.clown.ui.main.MainController - EvaluationTab
2018-06-17 17:14:12.607 [JavaFX Application Thread] INFO  com.clown.ui.main.MainController - ReadingTabjavafx.event.Event[source=javafx.scene.control.Tab@17fdbf0f]
2018-06-17 17:14:13.322 [JavaFX Application Thread] INFO  com.clown.ui.main.MainController - 武动乾坤
2018-06-17 17:14:18.734 [JavaFX Application Thread] INFO  com.clown.ui.main.MainController - ReadingTabjavafx.event.Event[source=javafx.scene.control.Tab@17fdbf0f]
2018-06-17 17:14:18.735 [JavaFX Application Thread] INFO  com.clown.ui.main.MainController - EvaluationTab
2018-06-17 17:14:19.884 [JavaFX Application Thread] INFO  com.clown.ui.main.MainController - EvaluationTab
2018-06-17 17:14:19.885 [JavaFX Application Thread] INFO  com.clown.ui.main.MainController - ReadingTabjavafx.event.Event[source=javafx.scene.control.Tab@17fdbf0f]
2018-06-17 17:14:38.631 [JavaFX Application Thread] INFO  com.clown.ui.main.MainController - ReadingTabjavafx.event.Event[source=javafx.scene.control.Tab@17fdbf0f]
2018-06-17 17:14:38.634 [JavaFX Application Thread] INFO  com.clown.ui.main.MainController - EvaluationTab
2018-06-17 17:14:39.353 [JavaFX Application Thread] INFO  com.clown.ui.main.MainController - EvaluationTab
2018-06-17 17:14:39.354 [JavaFX Application Thread] INFO  com.clown.ui.main.MainController - ReadingTabjavafx.event.Event[source=javafx.scene.control.Tab@17fdbf0f]
2018-06-17 17:14:40.286 [JavaFX Application Thread] INFO  com.clown.ui.main.MainController - ReadingTabjavafx.event.Event[source=javafx.scene.control.Tab@17fdbf0f]
2018-06-17 17:14:40.287 [JavaFX Application Thread] INFO  com.clown.ui.main.MainController - searchTab
2018-06-17 17:14:40.288 [JavaFX Application Thread] INFO  com.clown.ui.main.MainController - searchComboxBox refresh : 
2018-06-17 17:16:31.790 [JavaFX Application Thread] INFO  com.clown.ui.main.MainController - searchComboxBox refresh : we
2018-06-17 17:16:31.891 [JavaFX Application Thread] INFO  com.clown.ui.main.MainController - searchComboxBox refresh : wen
2018-06-17 17:16:31.997 [JavaFX Application Thread] INFO  com.clown.ui.main.MainController - searchComboxBox refresh : wen
2018-06-17 17:16:32.600 [JavaFX Application Thread] INFO  com.clown.ui.main.MainController - searchComboxBox refresh : we
2018-06-17 17:16:32.755 [JavaFX Application Thread] INFO  com.clown.ui.main.MainController - searchComboxBox refresh : w
2018-06-17 17:16:32.910 [JavaFX Application Thread] INFO  com.clown.ui.main.MainController - searchComboxBox refresh : 
2018-06-17 17:16:33.188 [JavaFX Application Thread] INFO  com.clown.ui.main.MainController - searchComboxBox refresh : 
2018-06-17 17:16:33.408 [JavaFX Application Thread] INFO  com.clown.ui.main.MainController - searchComboxBox refresh : w
2018-06-17 17:16:33.525 [JavaFX Application Thread] INFO  com.clown.ui.main.MainController - searchComboxBox refresh : wu
2018-06-17 17:16:33.724 [JavaFX Application Thread] INFO  com.clown.ui.main.MainController - searchComboxBox refresh : wu'do
2018-06-17 17:16:33.771 [JavaFX Application Thread] INFO  com.clown.ui.main.MainController - searchComboxBox refresh : wu'do
2018-06-17 17:16:33.951 [JavaFX Application Thread] INFO  com.clown.ui.main.MainController - searchComboxBox refresh : wu'dong
2018-06-17 17:16:34.000 [JavaFX Application Thread] INFO  com.clown.ui.main.MainController - searchComboxBox refresh : wu'dong
2018-06-17 17:16:34.267 [JavaFX Application Thread] INFO  com.clown.ui.main.MainController - searchComboxBox refresh : 舞动
2018-06-17 17:16:34.992 [JavaFX Application Thread] INFO  com.clown.ui.main.MainController - searchComboxBox refresh : 舞
2018-06-17 17:16:35.130 [JavaFX Application Thread] INFO  com.clown.ui.main.MainController - searchComboxBox refresh : 
2018-06-17 17:16:35.327 [JavaFX Application Thread] INFO  com.clown.ui.main.MainController - searchComboxBox refresh : w
2018-06-17 17:16:35.450 [JavaFX Application Thread] INFO  com.clown.ui.main.MainController - searchComboxBox refresh : wu
2018-06-17 17:16:36.797 [JavaFX Application Thread] INFO  com.clown.ui.main.MainController - searchComboxBox refresh : 武
2018-06-17 17:16:44.113 [JavaFX Application Thread] INFO  com.clown.ui.main.MainController - searchComboxBox refresh : f'd
2018-06-17 17:16:44.268 [JavaFX Application Thread] INFO  com.clown.ui.main.MainController - searchComboxBox refresh : 发度
2018-06-17 17:16:44.402 [JavaFX Application Thread] INFO  com.clown.ui.main.MainController - searchComboxBox refresh : 发度
2018-06-17 17:16:46.892 [JavaFX Application Thread] INFO  com.clown.ui.main.MainController - searchComboxBox refresh : 发度 a
2018-06-17 17:16:46.986 [JavaFX Application Thread] INFO  com.clown.ui.main.MainController - searchComboxBox refresh : 发度 a'd
2018-06-17 17:16:47.060 [JavaFX Application Thread] INFO  com.clown.ui.main.MainController - searchComboxBox refresh : 发度 a'd
2018-06-17 17:16:48.144 [JavaFX Application Thread] INFO  com.clown.ui.main.MainController - searchComboxBox refresh : 发度 a
2018-06-17 17:16:48.301 [JavaFX Application Thread] INFO  com.clown.ui.main.MainController - searchComboxBox refresh : 发度 
2018-06-17 17:16:48.447 [JavaFX Application Thread] INFO  com.clown.ui.main.MainController - searchComboxBox refresh : 发度
2018-06-17 17:16:48.604 [JavaFX Application Thread] INFO  com.clown.ui.main.MainController - searchComboxBox refresh : 发
2018-06-17 17:16:48.922 [JavaFX Application Thread] INFO  com.clown.ui.main.MainController - searchComboxBox refresh : 
2018-06-17 17:16:54.259 [JavaFX Application Thread] INFO  com.clown.ui.main.MainController - searchTab
2018-06-17 17:16:54.259 [JavaFX Application Thread] INFO  com.clown.ui.main.MainController - searchComboxBox refresh : 
2018-06-17 17:16:54.283 [JavaFX Application Thread] INFO  com.clown.ui.main.MainController - ReadingTabjavafx.event.Event[source=javafx.scene.control.Tab@17fdbf0f]
2018-06-17 17:16:54.612 [JavaFX Application Thread] INFO  com.clown.ui.main.MainController - ReadingTabjavafx.event.Event[source=javafx.scene.control.Tab@17fdbf0f]
2018-06-17 17:16:54.613 [JavaFX Application Thread] INFO  com.clown.ui.main.MainController - searchTab
2018-06-17 17:16:54.614 [JavaFX Application Thread] INFO  com.clown.ui.main.MainController - searchComboxBox refresh : 
2018-06-17 17:16:57.258 [JavaFX Application Thread] INFO  com.clown.ui.main.MainController - searchComboxBox refresh : da'f
2018-06-17 17:16:57.277 [JavaFX Application Thread] INFO  com.clown.ui.main.MainController - searchComboxBox refresh : da'f
2018-06-17 17:16:57.359 [JavaFX Application Thread] INFO  com.clown.ui.main.MainController - searchComboxBox refresh : da'f
2018-06-17 17:16:57.582 [JavaFX Application Thread] INFO  com.clown.ui.main.MainController - searchComboxBox refresh : 大幅
2018-06-17 17:16:58.642 [JavaFX Application Thread] INFO  com.clown.ui.main.MainController - searchComboxBox refresh : 大
2018-06-17 17:16:58.787 [JavaFX Application Thread] INFO  com.clown.ui.main.MainController - searchComboxBox refresh : 
2018-06-17 17:16:58.920 [JavaFX Application Thread] INFO  com.clown.ui.main.MainController - searchComboxBox refresh : 
2018-06-17 17:17:00.028 [JavaFX Application Thread] INFO  com.clown.ui.main.MainController - searchComboxBox refresh : d
2018-06-17 17:17:00.285 [JavaFX Application Thread] INFO  com.clown.ui.main.MainController - searchComboxBox refresh : 
2018-06-17 17:17:00.436 [JavaFX Application Thread] INFO  com.clown.ui.main.MainController - searchComboxBox refresh : ta
2018-06-17 17:17:00.557 [JavaFX Application Thread] INFO  com.clown.ui.main.MainController - searchComboxBox refresh : tan
2018-06-17 17:17:00.632 [JavaFX Application Thread] INFO  com.clown.ui.main.MainController - searchComboxBox refresh : tan
2018-06-17 17:17:00.728 [JavaFX Application Thread] INFO  com.clown.ui.main.MainController - searchComboxBox refresh : tang
2018-06-17 17:17:01.621 [JavaFX Application Thread] INFO  com.clown.ui.main.MainController - searchComboxBox refresh : 唐
2018-06-17 17:17:08.956 [JavaFX Application Thread] INFO  com.clown.ui.main.MainController - searchComboxBox refresh : 唐jia
2018-06-17 17:17:09.002 [JavaFX Application Thread] INFO  com.clown.ui.main.MainController - searchComboxBox refresh : 唐jia
2018-06-17 17:17:09.060 [JavaFX Application Thread] INFO  com.clown.ui.main.MainController - searchComboxBox refresh : 唐jia
2018-06-17 17:17:11.528 [JavaFX Application Thread] INFO  com.clown.ui.main.MainController - searchComboxBox refresh : 唐家
2018-06-17 17:17:21.485 [JavaFX Application Thread] INFO  com.clown.ui.main.MainController - searchTab
2018-06-17 17:17:21.485 [JavaFX Application Thread] INFO  com.clown.ui.main.MainController - searchComboxBox refresh : 
2018-06-17 17:17:21.510 [JavaFX Application Thread] INFO  com.clown.ui.main.MainController - ReadingTabjavafx.event.Event[source=javafx.scene.control.Tab@17fdbf0f]
2018-06-17 17:17:22.426 [JavaFX Application Thread] INFO  com.clown.ui.main.MainController - ReadingTabjavafx.event.Event[source=javafx.scene.control.Tab@17fdbf0f]
2018-06-17 17:17:22.427 [JavaFX Application Thread] INFO  com.clown.ui.main.MainController - EvaluationTab
2018-06-17 17:17:24.169 [JavaFX Application Thread] INFO  com.clown.ui.main.MainController - EvaluationTab
2018-06-17 17:17:24.170 [JavaFX Application Thread] INFO  com.clown.ui.main.MainController - searchTab
2018-06-17 17:17:24.171 [JavaFX Application Thread] INFO  com.clown.ui.main.MainController - searchComboxBox refresh : 
2018-06-17 17:17:29.375 [JavaFX Application Thread] INFO  com.clown.ui.main.MainController - searchComboxBox refresh : 唐家s
2018-06-17 17:17:30.526 [JavaFX Application Thread] INFO  com.clown.ui.main.MainController - searchComboxBox refresh : 唐家
2018-06-17 17:18:11.258 [JavaFX Application Thread] INFO  com.clown.ui.main.MainController - searchTab
2018-06-17 17:18:11.258 [JavaFX Application Thread] INFO  com.clown.ui.main.MainController - searchComboxBox refresh : 
2018-06-17 17:18:11.286 [JavaFX Application Thread] INFO  com.clown.ui.main.MainController - ReadingTabjavafx.event.Event[source=javafx.scene.control.Tab@17fdbf0f]
2018-06-17 17:18:11.826 [JavaFX Application Thread] INFO  com.clown.ui.main.MainController - ReadingTabjavafx.event.Event[source=javafx.scene.control.Tab@17fdbf0f]
2018-06-17 17:18:11.827 [JavaFX Application Thread] INFO  com.clown.ui.main.MainController - searchTab
2018-06-17 17:18:11.828 [JavaFX Application Thread] INFO  com.clown.ui.main.MainController - searchComboxBox refresh : 
2018-06-17 17:18:17.121 [JavaFX Application Thread] INFO  com.clown.ui.main.MainController - searchTab
2018-06-17 17:18:17.121 [JavaFX Application Thread] INFO  com.clown.ui.main.MainController - searchComboxBox refresh : 
2018-06-17 17:18:17.147 [JavaFX Application Thread] INFO  com.clown.ui.main.MainController - EvaluationTab
2018-06-17 17:18:17.853 [JavaFX Application Thread] INFO  com.clown.ui.main.MainController - 武动乾坤
2018-06-17 17:18:22.159 [JavaFX Application Thread] INFO  com.clown.ui.main.MainController - EvaluationTab
2018-06-17 17:18:22.160 [JavaFX Application Thread] INFO  com.clown.ui.main.MainController - ReadingTabjavafx.event.Event[source=javafx.scene.control.Tab@17fdbf0f]
2018-06-17 17:18:22.873 [JavaFX Application Thread] INFO  com.clown.ui.main.MainController - 斗罗大陆II绝世唐门
2018-06-17 17:18:24.691 [JavaFX Application Thread] INFO  com.clown.ui.main.MainController - ReadingTabjavafx.event.Event[source=javafx.scene.control.Tab@17fdbf0f]
2018-06-17 17:18:24.692 [JavaFX Application Thread] INFO  com.clown.ui.main.MainController - searchTab
2018-06-17 17:18:24.692 [JavaFX Application Thread] INFO  com.clown.ui.main.MainController - searchComboxBox refresh : 
2018-06-17 17:18:27.095 [JavaFX Application Thread] INFO  com.clown.ui.main.MainController - RecommendBook{Bid=StringProperty [value: 2517792], BName=StringProperty [value: 斗罗大陆II绝世唐门]}
2018-06-17 17:18:29.891 [JavaFX Application Thread] INFO  com.clown.ui.main.MainController - RecommendBook{Bid=StringProperty [value: 3106580], BName=StringProperty [value: 我欲封天]}
2018-06-17 17:18:30.346 [JavaFX Application Thread] INFO  com.clown.ui.main.MainController - RecommendBook{Bid=StringProperty [value: 3206900], BName=StringProperty [value: 天醒之路]}
2018-06-17 17:28:47.933 [JavaFX Application Thread] INFO  com.clown.ui.main.MainController - searchTab
2018-06-17 17:28:47.934 [JavaFX Application Thread] INFO  com.clown.ui.main.MainController - searchComboxBox refresh : 
2018-06-17 17:28:47.959 [JavaFX Application Thread] INFO  com.clown.ui.main.MainController - ReadingTabjavafx.event.Event[source=javafx.scene.control.Tab@17fdbf0f]
2018-06-17 17:28:48.347 [JavaFX Application Thread] INFO  com.clown.ui.main.MainController - ReadingTabjavafx.event.Event[source=javafx.scene.control.Tab@17fdbf0f]
2018-06-17 17:28:48.348 [JavaFX Application Thread] INFO  com.clown.ui.main.MainController - EvaluationTab
2018-06-17 17:28:49.480 [JavaFX Application Thread] INFO  com.clown.ui.main.MainController - EvaluationTab
2018-06-17 17:28:49.481 [JavaFX Application Thread] INFO  com.clown.ui.main.MainController - ReadingTabjavafx.event.Event[source=javafx.scene.control.Tab@17fdbf0f]
2018-06-17 17:28:51.266 [JavaFX Application Thread] INFO  com.clown.ui.main.MainController - ReadingTabjavafx.event.Event[source=javafx.scene.control.Tab@17fdbf0f]
2018-06-17 17:28:51.267 [JavaFX Application Thread] INFO  com.clown.ui.main.MainController - EvaluationTab
2018-06-17 17:29:12.357 [main] INFO  com.clown.ui.main.Main - Library Assistant launched on 17-06-2018 05:29:12 下午
2018-06-17 17:29:12.382 [JavaFX Application Thread] INFO  com.clown.Utils.SqlUtil - 成功加载MySQL驱动
2018-06-17 17:29:12.655 [JavaFX Application Thread] INFO  com.clown.Utils.SqlUtil - 连接数据库成功
2018-06-17 17:29:15.550 [JavaFX Application Thread] INFO  com.clown.ui.login.LoginController - User successfully logged in clown
2018-06-17 17:29:15.699 [JavaFX Application Thread] INFO  com.clown.ui.main.MainController - searchTab
2018-06-17 17:29:15.699 [JavaFX Application Thread] INFO  com.clown.ui.main.MainController - searchComboxBox refresh : 
2018-06-17 17:29:15.746 [JavaFX Application Thread] INFO  com.clown.ui.main.MainController - uid is 2
2018-06-17 17:29:25.571 [Thread-7] INFO  com.clown.ui.main.Main - Library Assistant is closing on 17-06-2018 05:29:12 下午. Used for 1529227765569 ms
